#
# There is insufficient memory for the Java Runtime Environment to continue.
# Native memory allocation (malloc) failed to allocate 1017120 bytes for Chunk::new
# Possible reasons:
#   The system is out of physical RAM or swap space
#   The process is running with CompressedOops enabled, and the Java Heap may be blocking the growth of the native heap
# Possible solutions:
#   Reduce memory load on the system
#   Increase physical memory or swap space
#   Check if swap backing store is full
#   Decrease Java heap size (-Xmx/-Xms)
#   Decrease number of Java threads
#   Decrease Java thread stack sizes (-Xss)
#   Set larger code cache with -XX:ReservedCodeCacheSize=
#   JVM is running with Unscaled Compressed Oops mode in which the Java heap is
#     placed in the first 4GB address space. The Java Heap base address is the
#     maximum limit for the native heap growth. Please use -XX:HeapBaseMinAddress
#     to set the Java Heap base and to place the Java Heap above 4GB virtual address.
# This output file may be truncated or incomplete.
#
#  Out of Memory Error (arena.cpp:191), pid=20492, tid=20660
#
# JRE version: OpenJDK Runtime Environment (17.0.10) (build 17.0.10+0--11572160)
# Java VM: OpenJDK 64-Bit Server VM (17.0.10+0--11572160, mixed mode, tiered, compressed oops, compressed class ptrs, g1 gc, windows-amd64)
# No core dump will be written. Minidumps are not enabled by default on client versions of Windows
#

---------------  S U M M A R Y ------------

Command Line: --add-opens=java.base/java.util=ALL-UNNAMED --add-opens=java.base/java.lang=ALL-UNNAMED --add-opens=java.base/java.lang.invoke=ALL-UNNAMED --add-opens=java.prefs/java.util.prefs=ALL-UNNAMED --add-opens=java.base/java.nio.charset=ALL-UNNAMED --add-opens=java.base/java.net=ALL-UNNAMED --add-opens=java.base/java.util.concurrent.atomic=ALL-UNNAMED -Xmx2048m -Dfile.encoding=UTF-8 -Duser.country=US -Duser.language=en -Duser.variant -javaagent:C:\Users\alniles07\.gradle\wrapper\dists\gradle-8.6-bin\afr5mpiioh2wthjmwnkmdsd5w\gradle-8.6\lib\agents\gradle-instrumentation-agent-8.6.jar org.gradle.launcher.daemon.bootstrap.GradleDaemon 8.6

Host: 11th Gen Intel(R) Core(TM) i3-1115G4 @ 3.00GHz, 4 cores, 19G,  Windows 11 , 64 bit Build 22621 (10.0.22621.3527)
Time: Sat May 25 12:05:30 2024 Mountain Daylight Time elapsed time: 49.026300 seconds (0d 0h 0m 49s)

---------------  T H R E A D  ---------------

Current thread (0x000001fff3345160):  JavaThread "C2 CompilerThread0" daemon [_thread_in_native, id=20660, stack(0x00000053fe500000,0x00000053fe600000)]


Current CompileTask:
C2:  49026 15967   !   4       org.gradle.internal.hash.DefaultStreamHasher::doHash (84 bytes)

Stack: [0x00000053fe500000,0x00000053fe600000]
Native frames: (J=compiled Java code, j=interpreted, Vv=VM code, C=native code)
V  [jvm.dll+0x688e89]
V  [jvm.dll+0x84247a]
V  [jvm.dll+0x8440be]
V  [jvm.dll+0x844723]
V  [jvm.dll+0x24be0f]
V  [jvm.dll+0xac524]
V  [jvm.dll+0xacb6c]
V  [jvm.dll+0x36bd67]
V  [jvm.dll+0x33615a]
V  [jvm.dll+0x3355fa]
V  [jvm.dll+0x21daa1]
V  [jvm.dll+0x21cec1]
V  [jvm.dll+0x1a60ad]
V  [jvm.dll+0x22cd78]
V  [jvm.dll+0x22aeb0]
V  [jvm.dll+0x7f6917]
V  [jvm.dll+0x7f0d1a]
V  [jvm.dll+0x687d05]
C  [ucrtbase.dll+0x29333]
C  [KERNEL32.DLL+0x1257d]
C  [ntdll.dll+0x5aa48]


---------------  P R O C E S S  ---------------

Threads class SMR info:
_java_thread_list=0x000001fffdeb8680, length=61, elements={
0x000001ffd7bfcb10, 0x000001fff330cb50, 0x000001fff330ddc0, 0x000001fff332e310,
0x000001fff332ebe0, 0x000001fff332f7a0, 0x000001fff3330260, 0x000001fff3345160,
0x000001fff33aec10, 0x000001fff33b98f0, 0x000001fff34476b0, 0x000001fff359ec10,
0x000001fff9b7ad40, 0x000001fff88e9b10, 0x000001fff84d0fd0, 0x000001fff9205660,
0x000001fff9c47010, 0x000001fff8eb6940, 0x000001fffa105ba0, 0x000001fff92a7a90,
0x000001fff92aa820, 0x000001fff92a7fa0, 0x000001fff92a8ed0, 0x000001fff92a9e00,
0x000001fff92a93e0, 0x000001fff92a89c0, 0x000001fff92a84b0, 0x000001fff92a7580,
0x000001fff92aa310, 0x000001fff92aad30, 0x000001fffa3706a0, 0x000001fffa372500,
0x000001fffa371ff0, 0x000001fffa372a10, 0x000001fffa372f20, 0x000001fffa373430,
0x000001fffa370bb0, 0x000001fffa370190, 0x000001fffa3710c0, 0x000001fffa371ae0,
0x000001fffc77c520, 0x000001fffc77a1b0, 0x000001fffc77e380, 0x000001fffac76b30,
0x000001fffac77040, 0x000001fffac77a60, 0x000001fffac73380, 0x000001fffac71520,
0x000001fffac756f0, 0x000001fffc77d450, 0x000001fffc778350, 0x000001fffc778860,
0x000001fffc779280, 0x000001fffc77a6c0, 0x000001fffc4fc6e0, 0x000001fffc4fe540,
0x000001fffc4ffe90, 0x000001fffc5003a0, 0x000001fffc4fef60, 0x000001fffc4fd610,
0x000001fffc4fe030
}

Java Threads: ( => current thread )
  0x000001ffd7bfcb10 JavaThread "main" [_thread_blocked, id=13816, stack(0x00000053fd800000,0x00000053fd900000)]
  0x000001fff330cb50 JavaThread "Reference Handler" daemon [_thread_blocked, id=18212, stack(0x00000053fdf00000,0x00000053fe000000)]
  0x000001fff330ddc0 JavaThread "Finalizer" daemon [_thread_blocked, id=11232, stack(0x00000053fe000000,0x00000053fe100000)]
  0x000001fff332e310 JavaThread "Signal Dispatcher" daemon [_thread_blocked, id=17108, stack(0x00000053fe100000,0x00000053fe200000)]
  0x000001fff332ebe0 JavaThread "Attach Listener" daemon [_thread_blocked, id=3316, stack(0x00000053fe200000,0x00000053fe300000)]
  0x000001fff332f7a0 JavaThread "Service Thread" daemon [_thread_blocked, id=6044, stack(0x00000053fe300000,0x00000053fe400000)]
  0x000001fff3330260 JavaThread "Monitor Deflation Thread" daemon [_thread_blocked, id=2016, stack(0x00000053fe400000,0x00000053fe500000)]
=>0x000001fff3345160 JavaThread "C2 CompilerThread0" daemon [_thread_in_native, id=20660, stack(0x00000053fe500000,0x00000053fe600000)]
  0x000001fff33aec10 JavaThread "C1 CompilerThread0" daemon [_thread_in_native, id=9752, stack(0x00000053fe600000,0x00000053fe700000)]
  0x000001fff33b98f0 JavaThread "Sweeper thread" daemon [_thread_blocked, id=12924, stack(0x00000053fe700000,0x00000053fe800000)]
  0x000001fff34476b0 JavaThread "Common-Cleaner" daemon [_thread_blocked, id=4552, stack(0x00000053fe800000,0x00000053fe900000)]
  0x000001fff359ec10 JavaThread "Notification Thread" daemon [_thread_blocked, id=19700, stack(0x00000053fe900000,0x00000053fea00000)]
  0x000001fff9b7ad40 JavaThread "Daemon health stats" [_thread_blocked, id=10392, stack(0x00000053fef00000,0x00000053ff000000)]
  0x000001fff88e9b10 JavaThread "Incoming local TCP Connector on port 56093" [_thread_in_native, id=20916, stack(0x00000053ff000000,0x00000053ff100000)]
  0x000001fff84d0fd0 JavaThread "Daemon periodic checks" [_thread_blocked, id=20052, stack(0x00000053ff100000,0x00000053ff200000)]
  0x000001fff9205660 JavaThread "Daemon" [_thread_blocked, id=16484, stack(0x00000053ff200000,0x00000053ff300000)]
  0x000001fff9c47010 JavaThread "Handler for socket connection from /127.0.0.1:56093 to /127.0.0.1:56094" [_thread_in_native, id=18012, stack(0x00000053ff300000,0x00000053ff400000)]
  0x000001fff8eb6940 JavaThread "Cancel handler" [_thread_blocked, id=3168, stack(0x00000053ff400000,0x00000053ff500000)]
  0x000001fffa105ba0 JavaThread "Daemon worker" [_thread_in_vm, id=20316, stack(0x00000053ff500000,0x00000053ff600000)]
  0x000001fff92a7a90 JavaThread "Asynchronous log dispatcher for DefaultDaemonConnection: socket connection from /127.0.0.1:56093 to /127.0.0.1:56094" [_thread_blocked, id=2408, stack(0x00000053ff600000,0x00000053ff700000)]
  0x000001fff92aa820 JavaThread "Stdin handler" [_thread_blocked, id=19724, stack(0x00000053ff700000,0x00000053ff800000)]
  0x000001fff92a7fa0 JavaThread "Daemon client event forwarder" [_thread_blocked, id=8732, stack(0x00000053ff800000,0x00000053ff900000)]
  0x000001fff92a8ed0 JavaThread "Cache worker for journal cache (C:\Users\alniles07\.gradle\caches\journal-1)" [_thread_blocked, id=7488, stack(0x00000053fee00000,0x00000053fef00000)]
  0x000001fff92a9e00 JavaThread "File lock request listener" [_thread_in_native, id=15348, stack(0x00000053ff900000,0x00000053ffa00000)]
  0x000001fff92a93e0 JavaThread "Cache worker for file hash cache (C:\Users\alniles07\.gradle\caches\8.6\fileHashes)" [_thread_blocked, id=12628, stack(0x00000053ffa00000,0x00000053ffb00000)]
  0x000001fff92a89c0 JavaThread "File watcher server" daemon [_thread_in_native, id=16732, stack(0x00000053ffc00000,0x00000053ffd00000)]
  0x000001fff92a84b0 JavaThread "File watcher consumer" daemon [_thread_blocked, id=6976, stack(0x00000053ffd00000,0x00000053ffe00000)]
  0x000001fff92a7580 JavaThread "jar transforms" [_thread_blocked, id=17240, stack(0x00000053ffe00000,0x00000053fff00000)]
  0x000001fff92aa310 JavaThread "jar transforms Thread 2" [_thread_blocked, id=9600, stack(0x00000053fff00000,0x0000005400000000)]
  0x000001fff92aad30 JavaThread "jar transforms Thread 3" [_thread_blocked, id=3568, stack(0x0000005380000000,0x0000005380100000)]
  0x000001fffa3706a0 JavaThread "jar transforms Thread 4" [_thread_blocked, id=11936, stack(0x0000005380100000,0x0000005380200000)]
  0x000001fffa372500 JavaThread "Cache worker for checksums cache (C:\Users\alniles07\AndroidStudioProjects\GospelLibrary\.gradle\8.6\checksums)" [_thread_blocked, id=17148, stack(0x0000005380200000,0x0000005380300000)]
  0x000001fffa371ff0 JavaThread "Cache worker for file hash cache (C:\Users\alniles07\AndroidStudioProjects\GospelLibrary\.gradle\8.6\fileHashes)" [_thread_blocked, id=17456, stack(0x0000005380300000,0x0000005380400000)]
  0x000001fffa372a10 JavaThread "Cache worker for cache directory md-supplier (C:\Users\alniles07\.gradle\caches\8.6\md-supplier)" [_thread_blocked, id=14604, stack(0x0000005380400000,0x0000005380500000)]
  0x000001fffa372f20 JavaThread "Cache worker for cache directory md-rule (C:\Users\alniles07\.gradle\caches\8.6\md-rule)" [_thread_blocked, id=17608, stack(0x0000005380500000,0x0000005380600000)]
  0x000001fffa373430 JavaThread "Cache worker for file content cache (C:\Users\alniles07\.gradle\caches\8.6\fileContent)" [_thread_blocked, id=18640, stack(0x0000005380600000,0x0000005380700000)]
  0x000001fffa370bb0 JavaThread "Unconstrained build operations" [_thread_blocked, id=11992, stack(0x0000005380700000,0x0000005380800000)]
  0x000001fffa370190 JavaThread "Unconstrained build operations Thread 2" [_thread_blocked, id=1316, stack(0x0000005380800000,0x0000005380900000)]
  0x000001fffa3710c0 JavaThread "Unconstrained build operations Thread 3" [_thread_blocked, id=19636, stack(0x0000005380900000,0x0000005380a00000)]
  0x000001fffa371ae0 JavaThread "Unconstrained build operations Thread 4" [_thread_blocked, id=19680, stack(0x0000005380a00000,0x0000005380b00000)]
  0x000001fffc77c520 JavaThread "Unconstrained build operations Thread 5" [_thread_blocked, id=18244, stack(0x0000005380b00000,0x0000005380c00000)]
  0x000001fffc77a1b0 JavaThread "Cache worker for Build Output Cleanup Cache (C:\Users\alniles07\AndroidStudioProjects\GospelLibrary\.gradle\buildOutputCleanup)" [_thread_blocked, id=18392, stack(0x0000005380d00000,0x0000005380e00000)]
  0x000001fffc77e380 JavaThread "File lock release action executor" [_thread_blocked, id=9884, stack(0x0000005380c00000,0x0000005380d00000)]
  0x000001fffac76b30 JavaThread "Unconstrained build operations Thread 6" [_thread_blocked, id=12280, stack(0x0000005380e00000,0x0000005380f00000)]
  0x000001fffac77040 JavaThread "Unconstrained build operations Thread 7" [_thread_blocked, id=6372, stack(0x0000005381200000,0x0000005381300000)]
  0x000001fffac77a60 JavaThread "Unconstrained build operations Thread 8" [_thread_blocked, id=13144, stack(0x0000005381300000,0x0000005381400000)]
  0x000001fffac73380 JavaThread "Memory manager" [_thread_blocked, id=20800, stack(0x0000005381400000,0x0000005381500000)]
  0x000001fffac71520 JavaThread "build event listener" [_thread_blocked, id=8212, stack(0x0000005381600000,0x0000005381700000)]
  0x000001fffac756f0 JavaThread "pool-3-thread-1" [_thread_blocked, id=800, stack(0x0000005381900000,0x0000005381a00000)]
  0x000001fffc77d450 JavaThread "included builds" [_thread_blocked, id=13644, stack(0x0000005381800000,0x0000005381900000)]
  0x000001fffc778350 JavaThread "Execution worker" [_thread_blocked, id=11196, stack(0x0000005381a00000,0x0000005381b00000)]
  0x000001fffc778860 JavaThread "Execution worker Thread 2" [_thread_blocked, id=17412, stack(0x0000005381b00000,0x0000005381c00000)]
  0x000001fffc779280 JavaThread "Execution worker Thread 3" [_thread_blocked, id=2452, stack(0x0000005381c00000,0x0000005381d00000)]
  0x000001fffc77a6c0 JavaThread "Cache worker for execution history cache (C:\Users\alniles07\AndroidStudioProjects\GospelLibrary\.gradle\8.6\executionHistory)" [_thread_blocked, id=15400, stack(0x0000005381d00000,0x0000005381e00000)]
  0x000001fffc4fc6e0 JavaThread "idea-tooling-model-converter" [_thread_blocked, id=16592, stack(0x0000005381e00000,0x0000005381f00000)]
  0x000001fffc4fe540 JavaThread "Unconstrained build operations Thread 9" [_thread_blocked, id=18932, stack(0x0000005381f00000,0x0000005382000000)]
  0x000001fffc4ffe90 JavaThread "Unconstrained build operations Thread 10" [_thread_blocked, id=21028, stack(0x0000005382000000,0x0000005382100000)]
  0x000001fffc5003a0 JavaThread "Unconstrained build operations Thread 11" [_thread_blocked, id=17044, stack(0x0000005382200000,0x0000005382300000)]
  0x000001fffc4fef60 JavaThread "Unconstrained build operations Thread 12" [_thread_blocked, id=3252, stack(0x0000005382300000,0x0000005382400000)]
  0x000001fffc4fd610 JavaThread "Unconstrained build operations Thread 13" [_thread_blocked, id=3024, stack(0x0000005382400000,0x0000005382500000)]
  0x000001fffc4fe030 JavaThread "File lock release action executor Thread 2" [_thread_blocked, id=19340, stack(0x0000005382600000,0x0000005382700000)]

Other Threads:
  0x000001fff329b1e0 VMThread "VM Thread" [stack: 0x00000053fde00000,0x00000053fdf00000] [id=20016]
  0x000001fff357a900 WatcherThread [stack: 0x00000053fea00000,0x00000053feb00000] [id=4192]
  0x000001ffd7c590c0 GCTaskThread "GC Thread#0" [stack: 0x00000053fd900000,0x00000053fda00000] [id=8620]
  0x000001fff39e2c40 GCTaskThread "GC Thread#1" [stack: 0x00000053feb00000,0x00000053fec00000] [id=13828]
  0x000001fff38c2410 GCTaskThread "GC Thread#2" [stack: 0x00000053fec00000,0x00000053fed00000] [id=2520]
  0x000001fff38c26d0 GCTaskThread "GC Thread#3" [stack: 0x00000053fed00000,0x00000053fee00000] [id=8208]
  0x000001ffd7c6a010 ConcurrentGCThread "G1 Main Marker" [stack: 0x00000053fda00000,0x00000053fdb00000] [id=9108]
  0x000001ffd7c6aa30 ConcurrentGCThread "G1 Conc#0" [stack: 0x00000053fdb00000,0x00000053fdc00000] [id=19712]
  0x000001ffd7cade80 ConcurrentGCThread "G1 Refine#0" [stack: 0x00000053fdc00000,0x00000053fdd00000] [id=19792]
  0x000001fffc8fd830 ConcurrentGCThread "G1 Refine#1" [stack: 0x0000005380f00000,0x0000005381000000] [id=10708]
  0x000001fffc8fa640 ConcurrentGCThread "G1 Refine#2" [stack: 0x0000005381000000,0x0000005381100000] [id=20008]
  0x000001fffc8fac20 ConcurrentGCThread "G1 Refine#3" [stack: 0x0000005381100000,0x0000005381200000] [id=9880]
  0x000001ffd7cae8b0 ConcurrentGCThread "G1 Service" [stack: 0x00000053fdd00000,0x00000053fde00000] [id=1264]

Threads with active compile tasks:
C2 CompilerThread0    49049 15967   !   4       org.gradle.internal.hash.DefaultStreamHasher::doHash (84 bytes)

VM state: not at safepoint (normal execution)

VM Mutex/Monitor currently owned by a thread: None

Heap address: 0x0000000080000000, size: 2048 MB, Compressed Oops mode: 32-bit

CDS archive(s) not mapped
Compressed class space mapped at: 0x0000000100000000-0x0000000140000000, reserved size: 1073741824
Narrow klass base: 0x0000000000000000, Narrow klass shift: 3, Narrow klass range: 0x140000000

GC Precious Log:
 CPUs: 4 total, 4 available
 Memory: 20279M
 Large Page Support: Disabled
 NUMA Support: Disabled
 Compressed Oops: Enabled (32-bit)
 Heap Region Size: 1M
 Heap Min Capacity: 8M
 Heap Initial Capacity: 318M
 Heap Max Capacity: 2G
 Pre-touch: Disabled
 Parallel Workers: 4
 Concurrent Workers: 1
 Concurrent Refinement Workers: 4
 Periodic GC: Disabled

Heap:
 garbage-first heap   total 320512K, used 216503K [0x0000000080000000, 0x0000000100000000)
  region size 1024K, 40 young (40960K), 7 survivors (7168K)
 Metaspace       used 177689K, committed 178688K, reserved 1245184K
  class space    used 23271K, committed 23744K, reserved 1048576K

Heap Regions: E=young(eden), S=young(survivor), O=old, HS=humongous(starts), HC=humongous(continues), CS=collection set, F=free, OA=open archive, CA=closed archive, TAMS=top-at-mark-start (previous, next)
|   0|0x0000000080000000, 0x0000000080100000, 0x0000000080100000|100%| O|  |TAMS 0x0000000080100000, 0x0000000080000000| Untracked 
|   1|0x0000000080100000, 0x0000000080200000, 0x0000000080200000|100%| O|  |TAMS 0x0000000080200000, 0x0000000080100000| Untracked 
|   2|0x0000000080200000, 0x0000000080300000, 0x0000000080300000|100%|HS|  |TAMS 0x0000000080300000, 0x0000000080200000| Complete 
|   3|0x0000000080300000, 0x0000000080400000, 0x0000000080400000|100%|HC|  |TAMS 0x0000000080400000, 0x0000000080300000| Complete 
|   4|0x0000000080400000, 0x0000000080500000, 0x0000000080500000|100%|HC|  |TAMS 0x0000000080500000, 0x0000000080400000| Complete 
|   5|0x0000000080500000, 0x0000000080600000, 0x0000000080600000|100%|HC|  |TAMS 0x0000000080600000, 0x0000000080500000| Complete 
|   6|0x0000000080600000, 0x0000000080700000, 0x0000000080700000|100%| O|  |TAMS 0x0000000080700000, 0x0000000080600000| Untracked 
|   7|0x0000000080700000, 0x0000000080800000, 0x0000000080800000|100%| O|  |TAMS 0x0000000080800000, 0x0000000080700000| Untracked 
|   8|0x0000000080800000, 0x0000000080900000, 0x0000000080900000|100%| O|  |TAMS 0x0000000080900000, 0x0000000080800000| Untracked 
|   9|0x0000000080900000, 0x0000000080a00000, 0x0000000080a00000|100%| O|  |TAMS 0x0000000080a00000, 0x0000000080900000| Untracked 
|  10|0x0000000080a00000, 0x0000000080b00000, 0x0000000080b00000|100%| O|  |TAMS 0x0000000080b00000, 0x0000000080a00000| Untracked 
|  11|0x0000000080b00000, 0x0000000080c00000, 0x0000000080c00000|100%| O|  |TAMS 0x0000000080c00000, 0x0000000080b00000| Untracked 
|  12|0x0000000080c00000, 0x0000000080d00000, 0x0000000080d00000|100%| O|  |TAMS 0x0000000080d00000, 0x0000000080c00000| Untracked 
|  13|0x0000000080d00000, 0x0000000080e00000, 0x0000000080e00000|100%| O|  |TAMS 0x0000000080e00000, 0x0000000080d00000| Untracked 
|  14|0x0000000080e00000, 0x0000000080f00000, 0x0000000080f00000|100%| O|  |TAMS 0x0000000080f00000, 0x0000000080e00000| Untracked 
|  15|0x0000000080f00000, 0x0000000081000000, 0x0000000081000000|100%| O|  |TAMS 0x0000000081000000, 0x0000000080f00000| Untracked 
|  16|0x0000000081000000, 0x0000000081100000, 0x0000000081100000|100%| O|  |TAMS 0x0000000081100000, 0x0000000081000000| Untracked 
|  17|0x0000000081100000, 0x0000000081200000, 0x0000000081200000|100%| O|  |TAMS 0x0000000081200000, 0x0000000081100000| Untracked 
|  18|0x0000000081200000, 0x0000000081300000, 0x0000000081300000|100%| O|  |TAMS 0x0000000081300000, 0x0000000081200000| Untracked 
|  19|0x0000000081300000, 0x0000000081400000, 0x0000000081400000|100%| O|  |TAMS 0x0000000081400000, 0x0000000081300000| Untracked 
|  20|0x0000000081400000, 0x0000000081500000, 0x0000000081500000|100%| O|  |TAMS 0x0000000081500000, 0x0000000081400000| Untracked 
|  21|0x0000000081500000, 0x0000000081600000, 0x0000000081600000|100%|HS|  |TAMS 0x0000000081600000, 0x0000000081500000| Complete 
|  22|0x0000000081600000, 0x0000000081700000, 0x0000000081700000|100%|HC|  |TAMS 0x0000000081700000, 0x0000000081600000| Complete 
|  23|0x0000000081700000, 0x0000000081800000, 0x0000000081800000|100%|HS|  |TAMS 0x0000000081800000, 0x0000000081700000| Complete 
|  24|0x0000000081800000, 0x0000000081900000, 0x0000000081900000|100%|HC|  |TAMS 0x0000000081900000, 0x0000000081800000| Complete 
|  25|0x0000000081900000, 0x0000000081a00000, 0x0000000081a00000|100%|HC|  |TAMS 0x0000000081a00000, 0x0000000081900000| Complete 
|  26|0x0000000081a00000, 0x0000000081b00000, 0x0000000081b00000|100%|HS|  |TAMS 0x0000000081b00000, 0x0000000081a00000| Complete 
|  27|0x0000000081b00000, 0x0000000081c00000, 0x0000000081c00000|100%|HC|  |TAMS 0x0000000081c00000, 0x0000000081b00000| Complete 
|  28|0x0000000081c00000, 0x0000000081d00000, 0x0000000081d00000|100%|HC|  |TAMS 0x0000000081d00000, 0x0000000081c00000| Complete 
|  29|0x0000000081d00000, 0x0000000081e00000, 0x0000000081e00000|100%|HS|  |TAMS 0x0000000081e00000, 0x0000000081d00000| Complete 
|  30|0x0000000081e00000, 0x0000000081f00000, 0x0000000081f00000|100%|HC|  |TAMS 0x0000000081f00000, 0x0000000081e00000| Complete 
|  31|0x0000000081f00000, 0x0000000082000000, 0x0000000082000000|100%|HC|  |TAMS 0x0000000082000000, 0x0000000081f00000| Complete 
|  32|0x0000000082000000, 0x0000000082100000, 0x0000000082100000|100%| O|  |TAMS 0x0000000082100000, 0x0000000082000000| Untracked 
|  33|0x0000000082100000, 0x0000000082200000, 0x0000000082200000|100%| O|  |TAMS 0x0000000082200000, 0x0000000082100000| Untracked 
|  34|0x0000000082200000, 0x0000000082300000, 0x0000000082300000|100%| O|  |TAMS 0x0000000082200000, 0x0000000082200000| Untracked 
|  35|0x0000000082300000, 0x0000000082400000, 0x0000000082400000|100%| O|  |TAMS 0x0000000082400000, 0x0000000082300000| Untracked 
|  36|0x0000000082400000, 0x0000000082500000, 0x0000000082500000|100%| O|  |TAMS 0x0000000082500000, 0x0000000082400000| Untracked 
|  37|0x0000000082500000, 0x0000000082600000, 0x0000000082600000|100%| O|  |TAMS 0x0000000082600000, 0x0000000082500000| Untracked 
|  38|0x0000000082600000, 0x0000000082700000, 0x0000000082700000|100%| O|  |TAMS 0x0000000082700000, 0x0000000082600000| Untracked 
|  39|0x0000000082700000, 0x0000000082800000, 0x0000000082800000|100%| O|  |TAMS 0x0000000082800000, 0x0000000082700000| Untracked 
|  40|0x0000000082800000, 0x0000000082900000, 0x0000000082900000|100%| O|  |TAMS 0x0000000082900000, 0x0000000082800000| Untracked 
|  41|0x0000000082900000, 0x0000000082a00000, 0x0000000082a00000|100%| O|  |TAMS 0x0000000082a00000, 0x0000000082900000| Untracked 
|  42|0x0000000082a00000, 0x0000000082b00000, 0x0000000082b00000|100%| O|  |TAMS 0x0000000082b00000, 0x0000000082a00000| Untracked 
|  43|0x0000000082b00000, 0x0000000082c00000, 0x0000000082c00000|100%| O|  |TAMS 0x0000000082c00000, 0x0000000082b00000| Untracked 
|  44|0x0000000082c00000, 0x0000000082d00000, 0x0000000082d00000|100%| O|  |TAMS 0x0000000082d00000, 0x0000000082c00000| Untracked 
|  45|0x0000000082d00000, 0x0000000082e00000, 0x0000000082e00000|100%|HS|  |TAMS 0x0000000082e00000, 0x0000000082d00000| Complete 
|  46|0x0000000082e00000, 0x0000000082f00000, 0x0000000082f00000|100%|HC|  |TAMS 0x0000000082f00000, 0x0000000082e00000| Complete 
|  47|0x0000000082f00000, 0x0000000083000000, 0x0000000083000000|100%|HC|  |TAMS 0x0000000083000000, 0x0000000082f00000| Complete 
|  48|0x0000000083000000, 0x0000000083100000, 0x0000000083100000|100%|HS|  |TAMS 0x0000000083100000, 0x0000000083000000| Complete 
|  49|0x0000000083100000, 0x0000000083200000, 0x0000000083200000|100%|HC|  |TAMS 0x0000000083200000, 0x0000000083100000| Complete 
|  50|0x0000000083200000, 0x0000000083300000, 0x0000000083300000|100%|HC|  |TAMS 0x0000000083300000, 0x0000000083200000| Complete 
|  51|0x0000000083300000, 0x0000000083400000, 0x0000000083400000|100%|HS|  |TAMS 0x0000000083400000, 0x0000000083300000| Complete 
|  52|0x0000000083400000, 0x0000000083500000, 0x0000000083500000|100%|HC|  |TAMS 0x0000000083500000, 0x0000000083400000| Complete 
|  53|0x0000000083500000, 0x0000000083600000, 0x0000000083600000|100%|HC|  |TAMS 0x0000000083600000, 0x0000000083500000| Complete 
|  54|0x0000000083600000, 0x0000000083700000, 0x0000000083700000|100%| O|  |TAMS 0x0000000083700000, 0x0000000083600000| Untracked 
|  55|0x0000000083700000, 0x0000000083800000, 0x0000000083800000|100%| O|  |TAMS 0x0000000083800000, 0x0000000083700000| Untracked 
|  56|0x0000000083800000, 0x0000000083900000, 0x0000000083900000|100%| O|  |TAMS 0x0000000083900000, 0x0000000083800000| Untracked 
|  57|0x0000000083900000, 0x0000000083a00000, 0x0000000083a00000|100%| O|  |TAMS 0x0000000083900000, 0x0000000083900000| Untracked 
|  58|0x0000000083a00000, 0x0000000083b00000, 0x0000000083b00000|100%| O|  |TAMS 0x0000000083b00000, 0x0000000083a00000| Untracked 
|  59|0x0000000083b00000, 0x0000000083c00000, 0x0000000083c00000|100%| O|  |TAMS 0x0000000083c00000, 0x0000000083b00000| Untracked 
|  60|0x0000000083c00000, 0x0000000083d00000, 0x0000000083d00000|100%| O|  |TAMS 0x0000000083d00000, 0x0000000083c00000| Untracked 
|  61|0x0000000083d00000, 0x0000000083e00000, 0x0000000083e00000|100%| O|  |TAMS 0x0000000083e00000, 0x0000000083d00000| Untracked 
|  62|0x0000000083e00000, 0x0000000083f00000, 0x0000000083f00000|100%| O|  |TAMS 0x0000000083f00000, 0x0000000083e00000| Untracked 
|  63|0x0000000083f00000, 0x0000000084000000, 0x0000000084000000|100%| O|  |TAMS 0x0000000084000000, 0x0000000083f00000| Untracked 
|  64|0x0000000084000000, 0x0000000084100000, 0x0000000084100000|100%| O|  |TAMS 0x0000000084100000, 0x0000000084000000| Untracked 
|  65|0x0000000084100000, 0x0000000084200000, 0x0000000084200000|100%| O|  |TAMS 0x0000000084200000, 0x0000000084100000| Untracked 
|  66|0x0000000084200000, 0x0000000084300000, 0x0000000084300000|100%| O|  |TAMS 0x0000000084300000, 0x0000000084200000| Untracked 
|  67|0x0000000084300000, 0x0000000084400000, 0x0000000084400000|100%| O|  |TAMS 0x0000000084400000, 0x0000000084300000| Untracked 
|  68|0x0000000084400000, 0x0000000084500000, 0x0000000084500000|100%| O|  |TAMS 0x0000000084500000, 0x0000000084400000| Untracked 
|  69|0x0000000084500000, 0x0000000084600000, 0x0000000084600000|100%| O|  |TAMS 0x0000000084600000, 0x0000000084500000| Untracked 
|  70|0x0000000084600000, 0x0000000084700000, 0x0000000084700000|100%| O|  |TAMS 0x0000000084700000, 0x0000000084600000| Untracked 
|  71|0x0000000084700000, 0x0000000084800000, 0x0000000084800000|100%| O|  |TAMS 0x0000000084800000, 0x0000000084700000| Untracked 
|  72|0x0000000084800000, 0x0000000084900000, 0x0000000084900000|100%| O|  |TAMS 0x0000000084900000, 0x0000000084800000| Untracked 
|  73|0x0000000084900000, 0x0000000084a00000, 0x0000000084a00000|100%| O|  |TAMS 0x0000000084a00000, 0x0000000084900000| Untracked 
|  74|0x0000000084a00000, 0x0000000084b00000, 0x0000000084b00000|100%| O|  |TAMS 0x0000000084b00000, 0x0000000084a00000| Untracked 
|  75|0x0000000084b00000, 0x0000000084c00000, 0x0000000084c00000|100%| O|  |TAMS 0x0000000084c00000, 0x0000000084b00000| Untracked 
|  76|0x0000000084c00000, 0x0000000084d00000, 0x0000000084d00000|100%| O|  |TAMS 0x0000000084d00000, 0x0000000084c00000| Untracked 
|  77|0x0000000084d00000, 0x0000000084e00000, 0x0000000084e00000|100%| O|  |TAMS 0x0000000084e00000, 0x0000000084d00000| Untracked 
|  78|0x0000000084e00000, 0x0000000084f00000, 0x0000000084f00000|100%| O|  |TAMS 0x0000000084f00000, 0x0000000084e00000| Untracked 
|  79|0x0000000084f00000, 0x0000000085000000, 0x0000000085000000|100%| O|  |TAMS 0x0000000085000000, 0x0000000084f00000| Untracked 
|  80|0x0000000085000000, 0x0000000085100000, 0x0000000085100000|100%| O|  |TAMS 0x0000000085100000, 0x0000000085000000| Untracked 
|  81|0x0000000085100000, 0x0000000085200000, 0x0000000085200000|100%| O|  |TAMS 0x0000000085200000, 0x0000000085100000| Untracked 
|  82|0x0000000085200000, 0x0000000085300000, 0x0000000085300000|100%| O|  |TAMS 0x0000000085300000, 0x0000000085200000| Untracked 
|  83|0x0000000085300000, 0x0000000085400000, 0x0000000085400000|100%| O|  |TAMS 0x0000000085400000, 0x0000000085300000| Untracked 
|  84|0x0000000085400000, 0x0000000085500000, 0x0000000085500000|100%| O|  |TAMS 0x0000000085500000, 0x0000000085400000| Untracked 
|  85|0x0000000085500000, 0x0000000085600000, 0x0000000085600000|100%| O|  |TAMS 0x0000000085600000, 0x0000000085500000| Untracked 
|  86|0x0000000085600000, 0x0000000085700000, 0x0000000085700000|100%| O|  |TAMS 0x0000000085700000, 0x0000000085600000| Untracked 
|  87|0x0000000085700000, 0x0000000085800000, 0x0000000085800000|100%| O|  |TAMS 0x0000000085800000, 0x0000000085700000| Untracked 
|  88|0x0000000085800000, 0x0000000085900000, 0x0000000085900000|100%|HS|  |TAMS 0x0000000085900000, 0x0000000085800000| Complete 
|  89|0x0000000085900000, 0x0000000085a00000, 0x0000000085a00000|100%|HS|  |TAMS 0x0000000085a00000, 0x0000000085900000| Complete 
|  90|0x0000000085a00000, 0x0000000085b00000, 0x0000000085b00000|100%|HS|  |TAMS 0x0000000085b00000, 0x0000000085a00000| Complete 
|  91|0x0000000085b00000, 0x0000000085c00000, 0x0000000085c00000|100%|HC|  |TAMS 0x0000000085c00000, 0x0000000085b00000| Complete 
|  92|0x0000000085c00000, 0x0000000085d00000, 0x0000000085d00000|100%|HS|  |TAMS 0x0000000085d00000, 0x0000000085c00000| Complete 
|  93|0x0000000085d00000, 0x0000000085e00000, 0x0000000085e00000|100%|HC|  |TAMS 0x0000000085e00000, 0x0000000085d00000| Complete 
|  94|0x0000000085e00000, 0x0000000085f00000, 0x0000000085f00000|100%|HS|  |TAMS 0x0000000085f00000, 0x0000000085e00000| Complete 
|  95|0x0000000085f00000, 0x0000000086000000, 0x0000000086000000|100%|HS|  |TAMS 0x0000000086000000, 0x0000000085f00000| Complete 
|  96|0x0000000086000000, 0x0000000086100000, 0x0000000086100000|100%|HS|  |TAMS 0x0000000086100000, 0x0000000086000000| Complete 
|  97|0x0000000086100000, 0x0000000086200000, 0x0000000086200000|100%|HC|  |TAMS 0x0000000086200000, 0x0000000086100000| Complete 
|  98|0x0000000086200000, 0x0000000086300000, 0x0000000086300000|100%|HC|  |TAMS 0x0000000086300000, 0x0000000086200000| Complete 
|  99|0x0000000086300000, 0x0000000086400000, 0x0000000086400000|100%|HC|  |TAMS 0x0000000086400000, 0x0000000086300000| Complete 
| 100|0x0000000086400000, 0x0000000086500000, 0x0000000086500000|100%|HS|  |TAMS 0x0000000086500000, 0x0000000086400000| Complete 
| 101|0x0000000086500000, 0x0000000086600000, 0x0000000086600000|100%| O|  |TAMS 0x0000000086600000, 0x0000000086500000| Untracked 
| 102|0x0000000086600000, 0x0000000086700000, 0x0000000086700000|100%|HS|  |TAMS 0x0000000086700000, 0x0000000086600000| Complete 
| 103|0x0000000086700000, 0x0000000086700000, 0x0000000086800000|  0%| F|  |TAMS 0x0000000086700000, 0x0000000086700000| Untracked 
| 104|0x0000000086800000, 0x0000000086900000, 0x0000000086900000|100%| O|  |TAMS 0x0000000086900000, 0x0000000086800000| Untracked 
| 105|0x0000000086900000, 0x0000000086a00000, 0x0000000086a00000|100%| O|  |TAMS 0x0000000086a00000, 0x0000000086900000| Untracked 
| 106|0x0000000086a00000, 0x0000000086a00000, 0x0000000086b00000|  0%| F|  |TAMS 0x0000000086a00000, 0x0000000086a00000| Untracked 
| 107|0x0000000086b00000, 0x0000000086c00000, 0x0000000086c00000|100%| O|  |TAMS 0x0000000086c00000, 0x0000000086b00000| Untracked 
| 108|0x0000000086c00000, 0x0000000086d00000, 0x0000000086d00000|100%| O|  |TAMS 0x0000000086c00000, 0x0000000086c00000| Untracked 
| 109|0x0000000086d00000, 0x0000000086e00000, 0x0000000086e00000|100%| O|  |TAMS 0x0000000086e00000, 0x0000000086d00000| Untracked 
| 110|0x0000000086e00000, 0x0000000086f00000, 0x0000000086f00000|100%| O|  |TAMS 0x0000000086f00000, 0x0000000086e00000| Untracked 
| 111|0x0000000086f00000, 0x0000000087000000, 0x0000000087000000|100%| O|  |TAMS 0x0000000087000000, 0x0000000086f00000| Untracked 
| 112|0x0000000087000000, 0x0000000087100000, 0x0000000087100000|100%| O|  |TAMS 0x0000000087100000, 0x0000000087000000| Untracked 
| 113|0x0000000087100000, 0x0000000087200000, 0x0000000087200000|100%| O|  |TAMS 0x0000000087200000, 0x0000000087100000| Untracked 
| 114|0x0000000087200000, 0x0000000087300000, 0x0000000087300000|100%|HS|  |TAMS 0x0000000087300000, 0x0000000087200000| Complete 
| 115|0x0000000087300000, 0x0000000087400000, 0x0000000087400000|100%|HS|  |TAMS 0x0000000087400000, 0x0000000087300000| Complete 
| 116|0x0000000087400000, 0x0000000087500000, 0x0000000087500000|100%|HC|  |TAMS 0x0000000087500000, 0x0000000087400000| Complete 
| 117|0x0000000087500000, 0x0000000087600000, 0x0000000087600000|100%|HC|  |TAMS 0x0000000087600000, 0x0000000087500000| Complete 
| 118|0x0000000087600000, 0x0000000087700000, 0x0000000087700000|100%|HC|  |TAMS 0x0000000087700000, 0x0000000087600000| Complete 
| 119|0x0000000087700000, 0x0000000087800000, 0x0000000087800000|100%| O|  |TAMS 0x0000000087800000, 0x0000000087700000| Untracked 
| 120|0x0000000087800000, 0x0000000087900000, 0x0000000087900000|100%| O|  |TAMS 0x0000000087900000, 0x0000000087800000| Untracked 
| 121|0x0000000087900000, 0x0000000087a00000, 0x0000000087a00000|100%| O|  |TAMS 0x0000000087a00000, 0x0000000087900000| Untracked 
| 122|0x0000000087a00000, 0x0000000087b00000, 0x0000000087b00000|100%| O|  |TAMS 0x0000000087b00000, 0x0000000087a00000| Untracked 
| 123|0x0000000087b00000, 0x0000000087c00000, 0x0000000087c00000|100%| O|  |TAMS 0x0000000087c00000, 0x0000000087b00000| Untracked 
| 124|0x0000000087c00000, 0x0000000087d00000, 0x0000000087d00000|100%| O|  |TAMS 0x0000000087d00000, 0x0000000087c00000| Untracked 
| 125|0x0000000087d00000, 0x0000000087e00000, 0x0000000087e00000|100%| O|  |TAMS 0x0000000087e00000, 0x0000000087d00000| Untracked 
| 126|0x0000000087e00000, 0x0000000087f00000, 0x0000000087f00000|100%| O|  |TAMS 0x0000000087f00000, 0x0000000087e00000| Untracked 
| 127|0x0000000087f00000, 0x0000000088000000, 0x0000000088000000|100%| O|  |TAMS 0x0000000088000000, 0x0000000087f00000| Untracked 
| 128|0x0000000088000000, 0x0000000088100000, 0x0000000088100000|100%| O|  |TAMS 0x0000000088100000, 0x0000000088000000| Untracked 
| 129|0x0000000088100000, 0x0000000088200000, 0x0000000088200000|100%| O|  |TAMS 0x0000000088200000, 0x0000000088100000| Untracked 
| 130|0x0000000088200000, 0x0000000088300000, 0x0000000088300000|100%| O|  |TAMS 0x0000000088300000, 0x0000000088200000| Untracked 
| 131|0x0000000088300000, 0x0000000088400000, 0x0000000088400000|100%| O|  |TAMS 0x0000000088400000, 0x0000000088300000| Untracked 
| 132|0x0000000088400000, 0x0000000088500000, 0x0000000088500000|100%| O|  |TAMS 0x0000000088500000, 0x0000000088400000| Untracked 
| 133|0x0000000088500000, 0x0000000088600000, 0x0000000088600000|100%| O|  |TAMS 0x0000000088600000, 0x0000000088500000| Untracked 
| 134|0x0000000088600000, 0x0000000088700000, 0x0000000088700000|100%| O|  |TAMS 0x0000000088700000, 0x0000000088600000| Untracked 
| 135|0x0000000088700000, 0x0000000088800000, 0x0000000088800000|100%| O|  |TAMS 0x0000000088800000, 0x0000000088700000| Untracked 
| 136|0x0000000088800000, 0x0000000088900000, 0x0000000088900000|100%| O|  |TAMS 0x0000000088900000, 0x0000000088800000| Untracked 
| 137|0x0000000088900000, 0x0000000088a00000, 0x0000000088a00000|100%| O|  |TAMS 0x0000000088a00000, 0x0000000088900000| Untracked 
| 138|0x0000000088a00000, 0x0000000088b00000, 0x0000000088b00000|100%| O|  |TAMS 0x0000000088b00000, 0x0000000088a00000| Untracked 
| 139|0x0000000088b00000, 0x0000000088c00000, 0x0000000088c00000|100%| O|  |TAMS 0x0000000088c00000, 0x0000000088b00000| Untracked 
| 140|0x0000000088c00000, 0x0000000088d00000, 0x0000000088d00000|100%| O|  |TAMS 0x0000000088d00000, 0x0000000088c00000| Untracked 
| 141|0x0000000088d00000, 0x0000000088e00000, 0x0000000088e00000|100%| O|  |TAMS 0x0000000088e00000, 0x0000000088d00000| Untracked 
| 142|0x0000000088e00000, 0x0000000088f00000, 0x0000000088f00000|100%| O|  |TAMS 0x0000000088f00000, 0x0000000088e00000| Untracked 
| 143|0x0000000088f00000, 0x0000000089000000, 0x0000000089000000|100%| O|  |TAMS 0x0000000089000000, 0x0000000088f00000| Untracked 
| 144|0x0000000089000000, 0x0000000089100000, 0x0000000089100000|100%| O|  |TAMS 0x0000000089100000, 0x0000000089000000| Untracked 
| 145|0x0000000089100000, 0x0000000089200000, 0x0000000089200000|100%| O|  |TAMS 0x0000000089200000, 0x0000000089100000| Untracked 
| 146|0x0000000089200000, 0x0000000089300000, 0x0000000089300000|100%|HS|  |TAMS 0x0000000089300000, 0x0000000089200000| Complete 
| 147|0x0000000089300000, 0x0000000089400000, 0x0000000089400000|100%|HC|  |TAMS 0x0000000089400000, 0x0000000089300000| Complete 
| 148|0x0000000089400000, 0x0000000089500000, 0x0000000089500000|100%|HS|  |TAMS 0x0000000089500000, 0x0000000089400000| Complete 
| 149|0x0000000089500000, 0x0000000089600000, 0x0000000089600000|100%|HC|  |TAMS 0x0000000089600000, 0x0000000089500000| Complete 
| 150|0x0000000089600000, 0x0000000089700000, 0x0000000089700000|100%|HC|  |TAMS 0x0000000089700000, 0x0000000089600000| Complete 
| 151|0x0000000089700000, 0x0000000089800000, 0x0000000089800000|100%|HS|  |TAMS 0x0000000089800000, 0x0000000089700000| Complete 
| 152|0x0000000089800000, 0x0000000089900000, 0x0000000089900000|100%|HC|  |TAMS 0x0000000089900000, 0x0000000089800000| Complete 
| 153|0x0000000089900000, 0x0000000089a00000, 0x0000000089a00000|100%|HC|  |TAMS 0x0000000089a00000, 0x0000000089900000| Complete 
| 154|0x0000000089a00000, 0x0000000089b00000, 0x0000000089b00000|100%|HS|  |TAMS 0x0000000089b00000, 0x0000000089a00000| Complete 
| 155|0x0000000089b00000, 0x0000000089c00000, 0x0000000089c00000|100%|HC|  |TAMS 0x0000000089c00000, 0x0000000089b00000| Complete 
| 156|0x0000000089c00000, 0x0000000089d00000, 0x0000000089d00000|100%|HC|  |TAMS 0x0000000089d00000, 0x0000000089c00000| Complete 
| 157|0x0000000089d00000, 0x0000000089e00000, 0x0000000089e00000|100%| O|  |TAMS 0x0000000089e00000, 0x0000000089d00000| Untracked 
| 158|0x0000000089e00000, 0x0000000089f00000, 0x0000000089f00000|100%| O|  |TAMS 0x0000000089f00000, 0x0000000089e00000| Untracked 
| 159|0x0000000089f00000, 0x000000008a000000, 0x000000008a000000|100%| O|  |TAMS 0x000000008a000000, 0x0000000089f00000| Untracked 
| 160|0x000000008a000000, 0x000000008a000000, 0x000000008a100000|  0%| F|  |TAMS 0x000000008a000000, 0x000000008a000000| Untracked 
| 161|0x000000008a100000, 0x000000008a200000, 0x000000008a200000|100%| O|  |TAMS 0x000000008a200000, 0x000000008a100000| Untracked 
| 162|0x000000008a200000, 0x000000008a300000, 0x000000008a300000|100%| O|  |TAMS 0x000000008a300000, 0x000000008a200000| Untracked 
| 163|0x000000008a300000, 0x000000008a400000, 0x000000008a400000|100%| O|  |TAMS 0x000000008a400000, 0x000000008a300000| Untracked 
| 164|0x000000008a400000, 0x000000008a500000, 0x000000008a500000|100%| O|  |TAMS 0x000000008a495000, 0x000000008a400000| Untracked 
| 165|0x000000008a500000, 0x000000008a600000, 0x000000008a600000|100%| O|  |TAMS 0x000000008a500000, 0x000000008a500000| Untracked 
| 166|0x000000008a600000, 0x000000008a700000, 0x000000008a700000|100%| O|  |TAMS 0x000000008a600000, 0x000000008a600000| Untracked 
| 167|0x000000008a700000, 0x000000008a800000, 0x000000008a800000|100%| O|  |TAMS 0x000000008a700000, 0x000000008a700000| Untracked 
| 168|0x000000008a800000, 0x000000008a900000, 0x000000008a900000|100%| O|  |TAMS 0x000000008a800000, 0x000000008a800000| Untracked 
| 169|0x000000008a900000, 0x000000008aa00000, 0x000000008aa00000|100%| O|  |TAMS 0x000000008a900000, 0x000000008a900000| Untracked 
| 170|0x000000008aa00000, 0x000000008ab00000, 0x000000008ab00000|100%| O|  |TAMS 0x000000008aa00000, 0x000000008aa00000| Untracked 
| 171|0x000000008ab00000, 0x000000008ac00000, 0x000000008ac00000|100%| O|  |TAMS 0x000000008ab00000, 0x000000008ab00000| Untracked 
| 172|0x000000008ac00000, 0x000000008ad00000, 0x000000008ad00000|100%| O|  |TAMS 0x000000008ac00000, 0x000000008ac00000| Untracked 
| 173|0x000000008ad00000, 0x000000008ae00000, 0x000000008ae00000|100%| O|  |TAMS 0x000000008ad00000, 0x000000008ad00000| Untracked 
| 174|0x000000008ae00000, 0x000000008af00000, 0x000000008af00000|100%| O|  |TAMS 0x000000008ae00000, 0x000000008ae00000| Untracked 
| 175|0x000000008af00000, 0x000000008affa600, 0x000000008b000000| 97%| O|  |TAMS 0x000000008af00000, 0x000000008af00000| Untracked 
| 176|0x000000008b000000, 0x000000008b000000, 0x000000008b100000|  0%| F|  |TAMS 0x000000008b000000, 0x000000008b000000| Untracked 
| 177|0x000000008b100000, 0x000000008b100000, 0x000000008b200000|  0%| F|  |TAMS 0x000000008b100000, 0x000000008b100000| Untracked 
| 178|0x000000008b200000, 0x000000008b200000, 0x000000008b300000|  0%| F|  |TAMS 0x000000008b200000, 0x000000008b200000| Untracked 
| 179|0x000000008b300000, 0x000000008b300000, 0x000000008b400000|  0%| F|  |TAMS 0x000000008b300000, 0x000000008b300000| Untracked 
| 180|0x000000008b400000, 0x000000008b400000, 0x000000008b500000|  0%| F|  |TAMS 0x000000008b400000, 0x000000008b400000| Untracked 
| 181|0x000000008b500000, 0x000000008b500000, 0x000000008b600000|  0%| F|  |TAMS 0x000000008b500000, 0x000000008b500000| Untracked 
| 182|0x000000008b600000, 0x000000008b600000, 0x000000008b700000|  0%| F|  |TAMS 0x000000008b600000, 0x000000008b600000| Untracked 
| 183|0x000000008b700000, 0x000000008b700000, 0x000000008b800000|  0%| F|  |TAMS 0x000000008b700000, 0x000000008b700000| Untracked 
| 184|0x000000008b800000, 0x000000008b800000, 0x000000008b900000|  0%| F|  |TAMS 0x000000008b800000, 0x000000008b800000| Untracked 
| 185|0x000000008b900000, 0x000000008b900000, 0x000000008ba00000|  0%| F|  |TAMS 0x000000008b900000, 0x000000008b900000| Untracked 
| 186|0x000000008ba00000, 0x000000008ba00000, 0x000000008bb00000|  0%| F|  |TAMS 0x000000008ba00000, 0x000000008ba00000| Untracked 
| 187|0x000000008bb00000, 0x000000008bb00000, 0x000000008bc00000|  0%| F|  |TAMS 0x000000008bb00000, 0x000000008bb00000| Untracked 
| 188|0x000000008bc00000, 0x000000008bc00000, 0x000000008bd00000|  0%| F|  |TAMS 0x000000008bc00000, 0x000000008bc00000| Untracked 
| 189|0x000000008bd00000, 0x000000008bd00000, 0x000000008be00000|  0%| F|  |TAMS 0x000000008bd00000, 0x000000008bd00000| Untracked 
| 190|0x000000008be00000, 0x000000008be00000, 0x000000008bf00000|  0%| F|  |TAMS 0x000000008be00000, 0x000000008be00000| Untracked 
| 191|0x000000008bf00000, 0x000000008bf00000, 0x000000008c000000|  0%| F|  |TAMS 0x000000008bf00000, 0x000000008bf00000| Untracked 
| 192|0x000000008c000000, 0x000000008c000000, 0x000000008c100000|  0%| F|  |TAMS 0x000000008c000000, 0x000000008c000000| Untracked 
| 193|0x000000008c100000, 0x000000008c100000, 0x000000008c200000|  0%| F|  |TAMS 0x000000008c100000, 0x000000008c100000| Untracked 
| 194|0x000000008c200000, 0x000000008c200000, 0x000000008c300000|  0%| F|  |TAMS 0x000000008c200000, 0x000000008c200000| Untracked 
| 195|0x000000008c300000, 0x000000008c300000, 0x000000008c400000|  0%| F|  |TAMS 0x000000008c300000, 0x000000008c300000| Untracked 
| 196|0x000000008c400000, 0x000000008c400000, 0x000000008c500000|  0%| F|  |TAMS 0x000000008c400000, 0x000000008c400000| Untracked 
| 197|0x000000008c500000, 0x000000008c500000, 0x000000008c600000|  0%| F|  |TAMS 0x000000008c500000, 0x000000008c500000| Untracked 
| 198|0x000000008c600000, 0x000000008c600000, 0x000000008c700000|  0%| F|  |TAMS 0x000000008c600000, 0x000000008c600000| Untracked 
| 199|0x000000008c700000, 0x000000008c700000, 0x000000008c800000|  0%| F|  |TAMS 0x000000008c700000, 0x000000008c700000| Untracked 
| 200|0x000000008c800000, 0x000000008c800000, 0x000000008c900000|  0%| F|  |TAMS 0x000000008c800000, 0x000000008c800000| Untracked 
| 201|0x000000008c900000, 0x000000008c900000, 0x000000008ca00000|  0%| F|  |TAMS 0x000000008c900000, 0x000000008c900000| Untracked 
| 202|0x000000008ca00000, 0x000000008ca00000, 0x000000008cb00000|  0%| F|  |TAMS 0x000000008ca00000, 0x000000008ca00000| Untracked 
| 203|0x000000008cb00000, 0x000000008cb00000, 0x000000008cc00000|  0%| F|  |TAMS 0x000000008cb00000, 0x000000008cb00000| Untracked 
| 204|0x000000008cc00000, 0x000000008cc00000, 0x000000008cd00000|  0%| F|  |TAMS 0x000000008cc00000, 0x000000008cc00000| Untracked 
| 205|0x000000008cd00000, 0x000000008cd00000, 0x000000008ce00000|  0%| F|  |TAMS 0x000000008cd00000, 0x000000008cd00000| Untracked 
| 206|0x000000008ce00000, 0x000000008ce00000, 0x000000008cf00000|  0%| F|  |TAMS 0x000000008ce00000, 0x000000008ce00000| Untracked 
| 207|0x000000008cf00000, 0x000000008cf00000, 0x000000008d000000|  0%| F|  |TAMS 0x000000008cf00000, 0x000000008cf00000| Untracked 
| 208|0x000000008d000000, 0x000000008d000000, 0x000000008d100000|  0%| F|  |TAMS 0x000000008d000000, 0x000000008d000000| Untracked 
| 209|0x000000008d100000, 0x000000008d100000, 0x000000008d200000|  0%| F|  |TAMS 0x000000008d100000, 0x000000008d100000| Untracked 
| 210|0x000000008d200000, 0x000000008d200000, 0x000000008d300000|  0%| F|  |TAMS 0x000000008d200000, 0x000000008d200000| Untracked 
| 211|0x000000008d300000, 0x000000008d300000, 0x000000008d400000|  0%| F|  |TAMS 0x000000008d300000, 0x000000008d300000| Untracked 
| 212|0x000000008d400000, 0x000000008d400000, 0x000000008d500000|  0%| F|  |TAMS 0x000000008d400000, 0x000000008d400000| Untracked 
| 213|0x000000008d500000, 0x000000008d500000, 0x000000008d600000|  0%| F|  |TAMS 0x000000008d500000, 0x000000008d500000| Untracked 
| 214|0x000000008d600000, 0x000000008d600000, 0x000000008d700000|  0%| F|  |TAMS 0x000000008d600000, 0x000000008d600000| Untracked 
| 215|0x000000008d700000, 0x000000008d700000, 0x000000008d800000|  0%| F|  |TAMS 0x000000008d700000, 0x000000008d700000| Untracked 
| 216|0x000000008d800000, 0x000000008d800000, 0x000000008d900000|  0%| F|  |TAMS 0x000000008d800000, 0x000000008d800000| Untracked 
| 217|0x000000008d900000, 0x000000008d900000, 0x000000008da00000|  0%| F|  |TAMS 0x000000008d900000, 0x000000008d900000| Untracked 
| 218|0x000000008da00000, 0x000000008da00000, 0x000000008db00000|  0%| F|  |TAMS 0x000000008da00000, 0x000000008da00000| Untracked 
| 219|0x000000008db00000, 0x000000008db00000, 0x000000008dc00000|  0%| F|  |TAMS 0x000000008db00000, 0x000000008db00000| Untracked 
| 220|0x000000008dc00000, 0x000000008dc00000, 0x000000008dd00000|  0%| F|  |TAMS 0x000000008dc00000, 0x000000008dc00000| Untracked 
| 221|0x000000008dd00000, 0x000000008dd73728, 0x000000008de00000| 45%| S|CS|TAMS 0x000000008dd00000, 0x000000008dd00000| Complete 
| 222|0x000000008de00000, 0x000000008df00000, 0x000000008df00000|100%| S|CS|TAMS 0x000000008de00000, 0x000000008de00000| Complete 
| 223|0x000000008df00000, 0x000000008e000000, 0x000000008e000000|100%| S|CS|TAMS 0x000000008df00000, 0x000000008df00000| Complete 
| 224|0x000000008e000000, 0x000000008e100000, 0x000000008e100000|100%| S|CS|TAMS 0x000000008e000000, 0x000000008e000000| Complete 
| 225|0x000000008e100000, 0x000000008e200000, 0x000000008e200000|100%| S|CS|TAMS 0x000000008e100000, 0x000000008e100000| Complete 
| 226|0x000000008e200000, 0x000000008e300000, 0x000000008e300000|100%| S|CS|TAMS 0x000000008e200000, 0x000000008e200000| Complete 
| 227|0x000000008e300000, 0x000000008e400000, 0x000000008e400000|100%| S|CS|TAMS 0x000000008e300000, 0x000000008e300000| Complete 
| 228|0x000000008e400000, 0x000000008e400000, 0x000000008e500000|  0%| F|  |TAMS 0x000000008e400000, 0x000000008e400000| Untracked 
| 229|0x000000008e500000, 0x000000008e500000, 0x000000008e600000|  0%| F|  |TAMS 0x000000008e500000, 0x000000008e500000| Untracked 
| 230|0x000000008e600000, 0x000000008e600000, 0x000000008e700000|  0%| F|  |TAMS 0x000000008e600000, 0x000000008e600000| Untracked 
| 231|0x000000008e700000, 0x000000008e700000, 0x000000008e800000|  0%| F|  |TAMS 0x000000008e700000, 0x000000008e700000| Untracked 
| 232|0x000000008e800000, 0x000000008e800000, 0x000000008e900000|  0%| F|  |TAMS 0x000000008e800000, 0x000000008e800000| Untracked 
| 233|0x000000008e900000, 0x000000008e900000, 0x000000008ea00000|  0%| F|  |TAMS 0x000000008e900000, 0x000000008e900000| Untracked 
| 234|0x000000008ea00000, 0x000000008ea00000, 0x000000008eb00000|  0%| F|  |TAMS 0x000000008ea00000, 0x000000008ea00000| Untracked 
| 235|0x000000008eb00000, 0x000000008eb00000, 0x000000008ec00000|  0%| F|  |TAMS 0x000000008eb00000, 0x000000008eb00000| Untracked 
| 236|0x000000008ec00000, 0x000000008ec00000, 0x000000008ed00000|  0%| F|  |TAMS 0x000000008ec00000, 0x000000008ec00000| Untracked 
| 237|0x000000008ed00000, 0x000000008ed00000, 0x000000008ee00000|  0%| F|  |TAMS 0x000000008ed00000, 0x000000008ed00000| Untracked 
| 238|0x000000008ee00000, 0x000000008ee00000, 0x000000008ef00000|  0%| F|  |TAMS 0x000000008ee00000, 0x000000008ee00000| Untracked 
| 239|0x000000008ef00000, 0x000000008ef00000, 0x000000008f000000|  0%| F|  |TAMS 0x000000008ef00000, 0x000000008ef00000| Untracked 
| 240|0x000000008f000000, 0x000000008f000000, 0x000000008f100000|  0%| F|  |TAMS 0x000000008f000000, 0x000000008f000000| Untracked 
| 241|0x000000008f100000, 0x000000008f100000, 0x000000008f200000|  0%| F|  |TAMS 0x000000008f100000, 0x000000008f100000| Untracked 
| 242|0x000000008f200000, 0x000000008f200000, 0x000000008f300000|  0%| F|  |TAMS 0x000000008f200000, 0x000000008f200000| Untracked 
| 243|0x000000008f300000, 0x000000008f300000, 0x000000008f400000|  0%| F|  |TAMS 0x000000008f300000, 0x000000008f300000| Untracked 
| 244|0x000000008f400000, 0x000000008f400000, 0x000000008f500000|  0%| F|  |TAMS 0x000000008f400000, 0x000000008f400000| Untracked 
| 245|0x000000008f500000, 0x000000008f500000, 0x000000008f600000|  0%| F|  |TAMS 0x000000008f500000, 0x000000008f500000| Untracked 
| 246|0x000000008f600000, 0x000000008f600000, 0x000000008f700000|  0%| F|  |TAMS 0x000000008f600000, 0x000000008f600000| Untracked 
| 247|0x000000008f700000, 0x000000008f700000, 0x000000008f800000|  0%| F|  |TAMS 0x000000008f700000, 0x000000008f700000| Untracked 
| 248|0x000000008f800000, 0x000000008f800000, 0x000000008f900000|  0%| F|  |TAMS 0x000000008f800000, 0x000000008f800000| Untracked 
| 249|0x000000008f900000, 0x000000008f900000, 0x000000008fa00000|  0%| F|  |TAMS 0x000000008f900000, 0x000000008f900000| Untracked 
| 250|0x000000008fa00000, 0x000000008fa00000, 0x000000008fb00000|  0%| F|  |TAMS 0x000000008fa00000, 0x000000008fa00000| Untracked 
| 251|0x000000008fb00000, 0x000000008fb00000, 0x000000008fc00000|  0%| F|  |TAMS 0x000000008fb00000, 0x000000008fb00000| Untracked 
| 252|0x000000008fc00000, 0x000000008fc00000, 0x000000008fd00000|  0%| F|  |TAMS 0x000000008fc00000, 0x000000008fc00000| Untracked 
| 253|0x000000008fd00000, 0x000000008fd00000, 0x000000008fe00000|  0%| F|  |TAMS 0x000000008fd00000, 0x000000008fd00000| Untracked 
| 254|0x000000008fe00000, 0x000000008fe00000, 0x000000008ff00000|  0%| F|  |TAMS 0x000000008fe00000, 0x000000008fe00000| Untracked 
| 255|0x000000008ff00000, 0x000000008ff00000, 0x0000000090000000|  0%| F|  |TAMS 0x000000008ff00000, 0x000000008ff00000| Untracked 
| 256|0x0000000090000000, 0x0000000090000000, 0x0000000090100000|  0%| F|  |TAMS 0x0000000090000000, 0x0000000090000000| Untracked 
| 257|0x0000000090100000, 0x0000000090100000, 0x0000000090200000|  0%| F|  |TAMS 0x0000000090100000, 0x0000000090100000| Untracked 
| 258|0x0000000090200000, 0x0000000090200000, 0x0000000090300000|  0%| F|  |TAMS 0x0000000090200000, 0x0000000090200000| Untracked 
| 259|0x0000000090300000, 0x0000000090300000, 0x0000000090400000|  0%| F|  |TAMS 0x0000000090300000, 0x0000000090300000| Untracked 
| 260|0x0000000090400000, 0x0000000090400000, 0x0000000090500000|  0%| F|  |TAMS 0x0000000090400000, 0x0000000090400000| Untracked 
| 261|0x0000000090500000, 0x0000000090500000, 0x0000000090600000|  0%| F|  |TAMS 0x0000000090500000, 0x0000000090500000| Untracked 
| 262|0x0000000090600000, 0x0000000090600000, 0x0000000090700000|  0%| F|  |TAMS 0x0000000090600000, 0x0000000090600000| Untracked 
| 263|0x0000000090700000, 0x0000000090700000, 0x0000000090800000|  0%| F|  |TAMS 0x0000000090700000, 0x0000000090700000| Untracked 
| 264|0x0000000090800000, 0x0000000090800000, 0x0000000090900000|  0%| F|  |TAMS 0x0000000090800000, 0x0000000090800000| Untracked 
| 265|0x0000000090900000, 0x0000000090900000, 0x0000000090a00000|  0%| F|  |TAMS 0x0000000090900000, 0x0000000090900000| Untracked 
| 266|0x0000000090a00000, 0x0000000090a00000, 0x0000000090b00000|  0%| F|  |TAMS 0x0000000090a00000, 0x0000000090a00000| Untracked 
| 267|0x0000000090b00000, 0x0000000090b00000, 0x0000000090c00000|  0%| F|  |TAMS 0x0000000090b00000, 0x0000000090b00000| Untracked 
| 268|0x0000000090c00000, 0x0000000090c00000, 0x0000000090d00000|  0%| F|  |TAMS 0x0000000090c00000, 0x0000000090c00000| Untracked 
| 269|0x0000000090d00000, 0x0000000090d00000, 0x0000000090e00000|  0%| F|  |TAMS 0x0000000090d00000, 0x0000000090d00000| Untracked 
| 270|0x0000000090e00000, 0x0000000090e00000, 0x0000000090f00000|  0%| F|  |TAMS 0x0000000090e00000, 0x0000000090e00000| Untracked 
| 271|0x0000000090f00000, 0x0000000090f00000, 0x0000000091000000|  0%| F|  |TAMS 0x0000000090f00000, 0x0000000090f00000| Untracked 
| 272|0x0000000091000000, 0x0000000091000000, 0x0000000091100000|  0%| F|  |TAMS 0x0000000091000000, 0x0000000091000000| Untracked 
| 273|0x0000000091100000, 0x0000000091100000, 0x0000000091200000|  0%| F|  |TAMS 0x0000000091100000, 0x0000000091100000| Untracked 
| 274|0x0000000091200000, 0x0000000091200000, 0x0000000091300000|  0%| F|  |TAMS 0x0000000091200000, 0x0000000091200000| Untracked 
| 275|0x0000000091300000, 0x0000000091300000, 0x0000000091400000|  0%| F|  |TAMS 0x0000000091300000, 0x0000000091300000| Untracked 
| 276|0x0000000091400000, 0x0000000091400000, 0x0000000091500000|  0%| F|  |TAMS 0x0000000091400000, 0x0000000091400000| Untracked 
| 277|0x0000000091500000, 0x0000000091500000, 0x0000000091600000|  0%| F|  |TAMS 0x0000000091500000, 0x0000000091500000| Untracked 
| 278|0x0000000091600000, 0x0000000091600000, 0x0000000091700000|  0%| F|  |TAMS 0x0000000091600000, 0x0000000091600000| Untracked 
| 279|0x0000000091700000, 0x0000000091780800, 0x0000000091800000| 50%| E|  |TAMS 0x0000000091700000, 0x0000000091700000| Complete 
| 280|0x0000000091800000, 0x0000000091900000, 0x0000000091900000|100%| E|CS|TAMS 0x0000000091800000, 0x0000000091800000| Complete 
| 281|0x0000000091900000, 0x0000000091a00000, 0x0000000091a00000|100%| E|CS|TAMS 0x0000000091900000, 0x0000000091900000| Complete 
| 282|0x0000000091a00000, 0x0000000091b00000, 0x0000000091b00000|100%| E|CS|TAMS 0x0000000091a00000, 0x0000000091a00000| Complete 
| 283|0x0000000091b00000, 0x0000000091c00000, 0x0000000091c00000|100%| E|CS|TAMS 0x0000000091b00000, 0x0000000091b00000| Complete 
| 284|0x0000000091c00000, 0x0000000091d00000, 0x0000000091d00000|100%| E|CS|TAMS 0x0000000091c00000, 0x0000000091c00000| Complete 
| 285|0x0000000091d00000, 0x0000000091e00000, 0x0000000091e00000|100%| E|CS|TAMS 0x0000000091d00000, 0x0000000091d00000| Complete 
| 286|0x0000000091e00000, 0x0000000091f00000, 0x0000000091f00000|100%| E|CS|TAMS 0x0000000091e00000, 0x0000000091e00000| Complete 
| 287|0x0000000091f00000, 0x0000000092000000, 0x0000000092000000|100%| E|CS|TAMS 0x0000000091f00000, 0x0000000091f00000| Complete 
| 288|0x0000000092000000, 0x0000000092100000, 0x0000000092100000|100%| E|CS|TAMS 0x0000000092000000, 0x0000000092000000| Complete 
| 289|0x0000000092100000, 0x0000000092200000, 0x0000000092200000|100%| E|CS|TAMS 0x0000000092100000, 0x0000000092100000| Complete 
| 290|0x0000000092200000, 0x0000000092300000, 0x0000000092300000|100%| E|CS|TAMS 0x0000000092200000, 0x0000000092200000| Complete 
| 291|0x0000000092300000, 0x0000000092400000, 0x0000000092400000|100%| E|CS|TAMS 0x0000000092300000, 0x0000000092300000| Complete 
| 292|0x0000000092400000, 0x0000000092500000, 0x0000000092500000|100%| E|CS|TAMS 0x0000000092400000, 0x0000000092400000| Complete 
| 293|0x0000000092500000, 0x0000000092600000, 0x0000000092600000|100%| E|CS|TAMS 0x0000000092500000, 0x0000000092500000| Complete 
| 294|0x0000000092600000, 0x0000000092700000, 0x0000000092700000|100%| E|CS|TAMS 0x0000000092600000, 0x0000000092600000| Complete 
| 295|0x0000000092700000, 0x0000000092800000, 0x0000000092800000|100%| E|CS|TAMS 0x0000000092700000, 0x0000000092700000| Complete 
| 296|0x0000000092800000, 0x0000000092900000, 0x0000000092900000|100%| E|CS|TAMS 0x0000000092800000, 0x0000000092800000| Complete 
| 297|0x0000000092900000, 0x0000000092a00000, 0x0000000092a00000|100%| E|CS|TAMS 0x0000000092900000, 0x0000000092900000| Complete 
| 298|0x0000000092a00000, 0x0000000092b00000, 0x0000000092b00000|100%| E|CS|TAMS 0x0000000092a00000, 0x0000000092a00000| Complete 
| 299|0x0000000092b00000, 0x0000000092c00000, 0x0000000092c00000|100%| E|CS|TAMS 0x0000000092b00000, 0x0000000092b00000| Complete 
| 300|0x0000000092c00000, 0x0000000092d00000, 0x0000000092d00000|100%| E|CS|TAMS 0x0000000092c00000, 0x0000000092c00000| Complete 
| 301|0x0000000092d00000, 0x0000000092e00000, 0x0000000092e00000|100%| E|CS|TAMS 0x0000000092d00000, 0x0000000092d00000| Complete 
| 302|0x0000000092e00000, 0x0000000092f00000, 0x0000000092f00000|100%| E|CS|TAMS 0x0000000092e00000, 0x0000000092e00000| Complete 
| 303|0x0000000092f00000, 0x0000000093000000, 0x0000000093000000|100%| E|CS|TAMS 0x0000000092f00000, 0x0000000092f00000| Complete 
| 304|0x0000000093000000, 0x0000000093100000, 0x0000000093100000|100%| E|CS|TAMS 0x0000000093000000, 0x0000000093000000| Complete 
| 305|0x0000000093100000, 0x0000000093200000, 0x0000000093200000|100%| E|CS|TAMS 0x0000000093100000, 0x0000000093100000| Complete 
| 306|0x0000000093200000, 0x0000000093300000, 0x0000000093300000|100%| E|CS|TAMS 0x0000000093200000, 0x0000000093200000| Complete 
| 307|0x0000000093300000, 0x0000000093400000, 0x0000000093400000|100%| E|CS|TAMS 0x0000000093300000, 0x0000000093300000| Complete 
| 308|0x0000000093400000, 0x0000000093500000, 0x0000000093500000|100%| E|CS|TAMS 0x0000000093400000, 0x0000000093400000| Complete 
| 309|0x0000000093500000, 0x0000000093600000, 0x0000000093600000|100%| E|CS|TAMS 0x0000000093500000, 0x0000000093500000| Complete 
| 310|0x0000000093600000, 0x0000000093700000, 0x0000000093700000|100%| E|CS|TAMS 0x0000000093600000, 0x0000000093600000| Complete 
| 311|0x0000000093700000, 0x0000000093800000, 0x0000000093800000|100%| E|CS|TAMS 0x0000000093700000, 0x0000000093700000| Complete 
| 317|0x0000000093d00000, 0x0000000093e00000, 0x0000000093e00000|100%| E|CS|TAMS 0x0000000093d00000, 0x0000000093d00000| Complete 

Card table byte_map: [0x000001ffec2d0000,0x000001ffec6d0000] _byte_map_base: 0x000001ffebed0000

Marking Bits (Prev, Next): (CMBitMap*) 0x000001ffd7c59720, (CMBitMap*) 0x000001ffd7c596e0
 Prev Bits: [0x000001ffeead0000, 0x000001fff0ad0000)
 Next Bits: [0x000001ffecad0000, 0x000001ffeead0000)

Polling page: 0x000001ffd79c0000

Metaspace:

Usage:
  Non-class:    150.82 MB used.
      Class:     22.73 MB used.
       Both:    173.55 MB used.

Virtual space:
  Non-class space:      192.00 MB reserved,     151.31 MB ( 79%) committed,  3 nodes.
      Class space:        1.00 GB reserved,      23.19 MB (  2%) committed,  1 nodes.
             Both:        1.19 GB reserved,     174.50 MB ( 14%) committed. 

Chunk freelists:
   Non-Class:  8.57 MB
       Class:  8.87 MB
        Both:  17.45 MB

MaxMetaspaceSize: unlimited
CompressedClassSpaceSize: 1.00 GB
Initial GC threshold: 21.00 MB
Current GC threshold: 275.44 MB
CDS: off
MetaspaceReclaimPolicy: balanced
 - commit_granule_bytes: 65536.
 - commit_granule_words: 8192.
 - virtual_space_node_default_size: 8388608.
 - enlarge_chunks_in_place: 1.
 - new_chunks_are_fully_committed: 0.
 - uncommit_free_chunks: 1.
 - use_allocation_guard: 0.
 - handle_deallocations: 1.


Internal statistics:

num_allocs_failed_limit: 12.
num_arena_births: 1398.
num_arena_deaths: 2.
num_vsnodes_births: 4.
num_vsnodes_deaths: 0.
num_space_committed: 2789.
num_space_uncommitted: 0.
num_chunks_returned_to_freelist: 15.
num_chunks_taken_from_freelist: 7843.
num_chunk_merges: 12.
num_chunk_splits: 5706.
num_chunks_enlarged: 4323.
num_inconsistent_stats: 0.

CodeHeap 'non-profiled nmethods': size=120000Kb used=8113Kb max_used=8113Kb free=111886Kb
 bounds [0x000001ffe4380000, 0x000001ffe4b70000, 0x000001ffeb8b0000]
CodeHeap 'profiled nmethods': size=120000Kb used=27685Kb max_used=27685Kb free=92314Kb
 bounds [0x000001ffdc8b0000, 0x000001ffde3c0000, 0x000001ffe3de0000]
CodeHeap 'non-nmethods': size=5760Kb used=2636Kb max_used=2679Kb free=3123Kb
 bounds [0x000001ffe3de0000, 0x000001ffe4090000, 0x000001ffe4380000]
 total_blobs=15074 nmethods=13871 adapters=1113
 compilation: enabled
              stopped_count=0, restarted_count=0
 full_count=0

Compilation events (20 events):
Event: 47.725 Thread 0x000001fff33aec10 nmethod 15957 0x000001ffde3a0810 code [0x000001ffde3a09e0, 0x000001ffde3a0e18]
Event: 47.858 Thread 0x000001fff3345160 15958       4       java.io.FileInputStream::read (8 bytes)
Event: 47.859 Thread 0x000001fff3345160 nmethod 15958 0x000001ffe4b68f90 code [0x000001ffe4b69120, 0x000001ffe4b691c8]
Event: 48.075 Thread 0x000001fff33aec10 15959       3       org.gradle.internal.snapshot.AbstractInvalidateChildHandler::handleAsDescendantOfChild (7 bytes)
Event: 48.077 Thread 0x000001fff33aec10 nmethod 15959 0x000001ffde3a0f90 code [0x000001ffde3a12c0, 0x000001ffde3a2978]
Event: 48.077 Thread 0x000001fff33aec10 15960       3       org.gradle.internal.snapshot.AbstractInvalidateChildHandler::handleAsDescendantOfChild (35 bytes)
Event: 48.078 Thread 0x000001fff33aec10 nmethod 15960 0x000001ffde3a3090 code [0x000001ffde3a33c0, 0x000001ffde3a4998]
Event: 48.078 Thread 0x000001fff33aec10 15961       3       org.gradle.internal.snapshot.AbstractListChildMap::invalidate (72 bytes)
Event: 48.079 Thread 0x000001fff33aec10 nmethod 15961 0x000001ffde3a5090 code [0x000001ffde3a53a0, 0x000001ffde3a67f8]
Event: 48.079 Thread 0x000001fff33aec10 15962       3       java.nio.MappedByteBuffer::flip (5 bytes)
Event: 48.079 Thread 0x000001fff33aec10 nmethod 15962 0x000001ffde3a6f10 code [0x000001ffde3a70c0, 0x000001ffde3a72f8]
Event: 48.685 Thread 0x000001fff33aec10 15963       3       java.util.HashMap$ValueSpliterator::tryAdvance (138 bytes)
Event: 48.686 Thread 0x000001fff33aec10 nmethod 15963 0x000001ffde3a7410 code [0x000001ffde3a7620, 0x000001ffde3a7d58]
Event: 48.686 Thread 0x000001fff33aec10 15964       3       java.lang.management.ManagementFactory$PlatformMBeanFinder$$Lambda$67/0x000000010016b5b0::test (12 bytes)
Event: 48.686 Thread 0x000001fff33aec10 nmethod 15964 0x000001ffde3a7f90 code [0x000001ffde3a8160, 0x000001ffde3a8558]
Event: 48.686 Thread 0x000001fff33aec10 15965       3       java.lang.management.ManagementFactory$PlatformMBeanFinder::lambda$findFirst$0 (13 bytes)
Event: 48.686 Thread 0x000001fff33aec10 nmethod 15965 0x000001ffde3a8690 code [0x000001ffde3a8840, 0x000001ffde3a8ab8]
Event: 48.704 Thread 0x000001fff3345160 15966 % !   4       com.google.common.cache.LocalCache$Segment::clear @ 55 (261 bytes)
Event: 48.728 Thread 0x000001fff3345160 nmethod 15966% 0x000001ffe4b69290 code [0x000001ffe4b69500, 0x000001ffe4b6a320]
Event: 48.971 Thread 0x000001fff3345160 15967   !   4       org.gradle.internal.hash.DefaultStreamHasher::doHash (84 bytes)

GC Heap History (20 events):
Event: 28.692 GC heap before
{Heap before GC invocations=31 (full 0):
 garbage-first heap   total 320512K, used 269638K [0x0000000080000000, 0x0000000100000000)
  region size 1024K, 162 young (165888K), 16 survivors (16384K)
 Metaspace       used 129204K, committed 129984K, reserved 1179648K
  class space    used 16700K, committed 17024K, reserved 1048576K
}
Event: 28.723 GC heap after
{Heap after GC invocations=32 (full 0):
 garbage-first heap   total 320512K, used 133807K [0x0000000080000000, 0x0000000100000000)
  region size 1024K, 21 young (21504K), 21 survivors (21504K)
 Metaspace       used 129204K, committed 129984K, reserved 1179648K
  class space    used 16700K, committed 17024K, reserved 1048576K
}
Event: 31.630 GC heap before
{Heap before GC invocations=32 (full 0):
 garbage-first heap   total 320512K, used 265903K [0x0000000080000000, 0x0000000100000000)
  region size 1024K, 141 young (144384K), 21 survivors (21504K)
 Metaspace       used 139362K, committed 140224K, reserved 1179648K
  class space    used 18110K, committed 18496K, reserved 1048576K
}
Event: 31.649 GC heap after
{Heap after GC invocations=33 (full 0):
 garbage-first heap   total 320512K, used 145248K [0x0000000080000000, 0x0000000100000000)
  region size 1024K, 10 young (10240K), 10 survivors (10240K)
 Metaspace       used 139362K, committed 140224K, reserved 1179648K
  class space    used 18110K, committed 18496K, reserved 1048576K
}
Event: 34.947 GC heap before
{Heap before GC invocations=33 (full 0):
 garbage-first heap   total 320512K, used 257888K [0x0000000080000000, 0x0000000100000000)
  region size 1024K, 120 young (122880K), 10 survivors (10240K)
 Metaspace       used 144829K, committed 145664K, reserved 1179648K
  class space    used 18841K, committed 19264K, reserved 1048576K
}
Event: 34.960 GC heap after
{Heap after GC invocations=34 (full 0):
 garbage-first heap   total 320512K, used 150462K [0x0000000080000000, 0x0000000100000000)
  region size 1024K, 6 young (6144K), 6 survivors (6144K)
 Metaspace       used 144829K, committed 145664K, reserved 1179648K
  class space    used 18841K, committed 19264K, reserved 1048576K
}
Event: 35.889 GC heap before
{Heap before GC invocations=34 (full 0):
 garbage-first heap   total 320512K, used 219070K [0x0000000080000000, 0x0000000100000000)
  region size 1024K, 74 young (75776K), 6 survivors (6144K)
 Metaspace       used 149603K, committed 150528K, reserved 1245184K
  class space    used 19712K, committed 20160K, reserved 1048576K
}
Event: 35.902 GC heap after
{Heap after GC invocations=35 (full 0):
 garbage-first heap   total 320512K, used 151290K [0x0000000080000000, 0x0000000100000000)
  region size 1024K, 7 young (7168K), 7 survivors (7168K)
 Metaspace       used 149603K, committed 150528K, reserved 1245184K
  class space    used 19712K, committed 20160K, reserved 1048576K
}
Event: 38.177 GC heap before
{Heap before GC invocations=36 (full 0):
 garbage-first heap   total 320512K, used 278266K [0x0000000080000000, 0x0000000100000000)
  region size 1024K, 117 young (119808K), 7 survivors (7168K)
 Metaspace       used 158496K, committed 159424K, reserved 1245184K
  class space    used 20899K, committed 21312K, reserved 1048576K
}
Event: 38.194 GC heap after
{Heap after GC invocations=37 (full 0):
 garbage-first heap   total 320512K, used 168105K [0x0000000080000000, 0x0000000100000000)
  region size 1024K, 15 young (15360K), 15 survivors (15360K)
 Metaspace       used 158496K, committed 159424K, reserved 1245184K
  class space    used 20899K, committed 21312K, reserved 1048576K
}
Event: 38.208 GC heap before
{Heap before GC invocations=37 (full 0):
 garbage-first heap   total 320512K, used 169129K [0x0000000080000000, 0x0000000100000000)
  region size 1024K, 16 young (16384K), 15 survivors (15360K)
 Metaspace       used 158516K, committed 159424K, reserved 1245184K
  class space    used 20899K, committed 21312K, reserved 1048576K
}
Event: 38.220 GC heap after
{Heap after GC invocations=38 (full 0):
 garbage-first heap   total 320512K, used 167508K [0x0000000080000000, 0x0000000100000000)
  region size 1024K, 2 young (2048K), 2 survivors (2048K)
 Metaspace       used 158516K, committed 159424K, reserved 1245184K
  class space    used 20899K, committed 21312K, reserved 1048576K
}
Event: 40.267 GC heap before
{Heap before GC invocations=38 (full 0):
 garbage-first heap   total 320512K, used 263764K [0x0000000080000000, 0x0000000100000000)
  region size 1024K, 95 young (97280K), 2 survivors (2048K)
 Metaspace       used 168109K, committed 169024K, reserved 1245184K
  class space    used 22121K, committed 22528K, reserved 1048576K
}
Event: 40.277 GC heap after
{Heap after GC invocations=39 (full 0):
 garbage-first heap   total 320512K, used 169476K [0x0000000080000000, 0x0000000100000000)
  region size 1024K, 4 young (4096K), 4 survivors (4096K)
 Metaspace       used 168109K, committed 169024K, reserved 1245184K
  class space    used 22121K, committed 22528K, reserved 1048576K
}
Event: 43.673 GC heap before
{Heap before GC invocations=40 (full 0):
 garbage-first heap   total 320512K, used 264708K [0x0000000080000000, 0x0000000100000000)
  region size 1024K, 97 young (99328K), 4 survivors (4096K)
 Metaspace       used 171934K, committed 172928K, reserved 1245184K
  class space    used 22554K, committed 23040K, reserved 1048576K
}
Event: 43.693 GC heap after
{Heap after GC invocations=41 (full 0):
 garbage-first heap   total 320512K, used 179725K [0x0000000080000000, 0x0000000100000000)
  region size 1024K, 13 young (13312K), 13 survivors (13312K)
 Metaspace       used 171934K, committed 172928K, reserved 1245184K
  class space    used 22554K, committed 23040K, reserved 1048576K
}
Event: 43.708 GC heap before
{Heap before GC invocations=41 (full 0):
 garbage-first heap   total 320512K, used 181773K [0x0000000080000000, 0x0000000100000000)
  region size 1024K, 15 young (15360K), 13 survivors (13312K)
 Metaspace       used 172012K, committed 172992K, reserved 1245184K
  class space    used 22565K, committed 23040K, reserved 1048576K
}
Event: 43.722 GC heap after
{Heap after GC invocations=42 (full 0):
 garbage-first heap   total 320512K, used 179177K [0x0000000080000000, 0x0000000100000000)
  region size 1024K, 2 young (2048K), 2 survivors (2048K)
 Metaspace       used 172012K, committed 172992K, reserved 1245184K
  class space    used 22565K, committed 23040K, reserved 1048576K
}
Event: 46.713 GC heap before
{Heap before GC invocations=42 (full 0):
 garbage-first heap   total 320512K, used 263145K [0x0000000080000000, 0x0000000100000000)
  region size 1024K, 85 young (87040K), 2 survivors (2048K)
 Metaspace       used 177548K, committed 178560K, reserved 1245184K
  class space    used 23270K, committed 23744K, reserved 1048576K
}
Event: 46.721 GC heap after
{Heap after GC invocations=43 (full 0):
 garbage-first heap   total 320512K, used 183735K [0x0000000080000000, 0x0000000100000000)
  region size 1024K, 7 young (7168K), 7 survivors (7168K)
 Metaspace       used 177548K, committed 178560K, reserved 1245184K
  class space    used 23270K, committed 23744K, reserved 1048576K
}

Dll operation events (3 events):
Event: 0.010 Loaded shared library C:\Program Files\Android\Android Studio\jbr\bin\java.dll
Event: 1.600 Loaded shared library C:\Program Files\Android\Android Studio\jbr\bin\zip.dll
Event: 2.603 Loaded shared library C:\Program Files\Android\Android Studio\jbr\bin\verify.dll

Deoptimization events (20 events):
Event: 44.862 Thread 0x000001fffc4fd610 Uncommon trap: trap_request=0xffffff45 fr.pc=0x000001ffe447bb34 relative=0x0000000000000094
Event: 44.862 Thread 0x000001fffc4fd610 Uncommon trap: reason=unstable_if action=reinterpret pc=0x000001ffe447bb34 method=java.lang.CharacterDataLatin1.digit(II)I @ 7 c2
Event: 44.862 Thread 0x000001fffc4fd610 DEOPT PACKING pc=0x000001ffe447bb34 sp=0x00000053824fd080
Event: 44.862 Thread 0x000001fffc4fd610 DEOPT UNPACKING pc=0x000001ffe3e3a1a3 sp=0x00000053824fd018 mode 2
Event: 44.965 Thread 0x000001fffc4fd610 DEOPT PACKING pc=0x000001ffde2e4671 sp=0x00000053824fbe40
Event: 44.965 Thread 0x000001fffc4fd610 DEOPT UNPACKING pc=0x000001ffe3e3ace3 sp=0x00000053824fb270 mode 0
Event: 44.967 Thread 0x000001fffc4fd610 Uncommon trap: trap_request=0xffffff45 fr.pc=0x000001ffe4a8b1cc relative=0x00000000000006ec
Event: 44.967 Thread 0x000001fffc4fd610 Uncommon trap: reason=unstable_if action=reinterpret pc=0x000001ffe4a8b1cc method=com.esotericsoftware.kryo.io.Output.writeVarLong(JZ)I @ 55 c2
Event: 44.967 Thread 0x000001fffc4fd610 DEOPT PACKING pc=0x000001ffe4a8b1cc sp=0x00000053824fcb50
Event: 44.967 Thread 0x000001fffc4fd610 DEOPT UNPACKING pc=0x000001ffe3e3a1a3 sp=0x00000053824fcb20 mode 2
Event: 47.340 Thread 0x000001fffa105ba0 Uncommon trap: trap_request=0xffffff76 fr.pc=0x000001ffe4b5fecc relative=0x000000000000226c
Event: 47.340 Thread 0x000001fffa105ba0 Uncommon trap: reason=predicate action=maybe_recompile pc=0x000001ffe4b5fecc method=java.util.TimSort.reverseRange([Ljava/lang/Object;II)V @ 5 c2
Event: 47.340 Thread 0x000001fffa105ba0 DEOPT PACKING pc=0x000001ffe4b5fecc sp=0x00000053ff5f6f40
Event: 47.340 Thread 0x000001fffa105ba0 DEOPT UNPACKING pc=0x000001ffe3e3a1a3 sp=0x00000053ff5f6e10 mode 2
Event: 47.519 Thread 0x000001fffc4fef60 DEOPT PACKING pc=0x000001ffdd95347c sp=0x00000053823fdc70
Event: 47.519 Thread 0x000001fffc4fef60 DEOPT UNPACKING pc=0x000001ffe3e3ace3 sp=0x00000053823fd160 mode 0
Event: 47.519 Thread 0x000001fffc4fef60 DEOPT PACKING pc=0x000001ffdd95347c sp=0x00000053823feaa0
Event: 47.519 Thread 0x000001fffc4fef60 DEOPT UNPACKING pc=0x000001ffe3e3ace3 sp=0x00000053823fdf90 mode 0
Event: 47.648 Thread 0x000001fffc4fd610 DEOPT PACKING pc=0x000001ffde32b0ad sp=0x00000053824fb680
Event: 47.648 Thread 0x000001fffc4fd610 DEOPT UNPACKING pc=0x000001ffe3e3ace3 sp=0x00000053824fab48 mode 0

Classes unloaded (1 events):
Event: 15.846 Thread 0x000001fff329b1e0 Unloading class 0x00000001006d0800 'java/lang/invoke/LambdaForm$DMH+0x00000001006d0800'

Classes redefined (0 events):
No events

Internal exceptions (20 events):
Event: 38.281 Thread 0x000001fffa105ba0 Exception <a 'java/lang/ClassNotFoundException'{0x0000000092ea3440}: org/codehaus/groovy/runtime/NullObjectCustomizer> (0x0000000092ea3440) 
thrown [s\src\hotspot\share\classfile\systemDictionary.cpp, line 256]
Event: 38.313 Thread 0x000001fffc4fc6e0 Exception <a 'java/lang/NoSuchMethodError'{0x0000000092c00bf8}: static Lorg/jetbrains/kotlin/idea/gradleTooling/model/samWithReceiver/SamWithReceiverModelImpl;.<clinit>()V> (0x0000000092c00bf8) 
thrown [s\src\hotspot\share\prims\jni.cpp, line 1108]
Event: 38.318 Thread 0x000001fffc4fc6e0 Exception <a 'java/lang/NoSuchMethodError'{0x0000000092c098e8}: static Lorg/jetbrains/kotlin/idea/gradleTooling/model/allopen/AllOpenModelImpl;.<clinit>()V> (0x0000000092c098e8) 
thrown [s\src\hotspot\share\prims\jni.cpp, line 1108]
Event: 38.322 Thread 0x000001fffc4fc6e0 Exception <a 'java/lang/NoSuchMethodError'{0x0000000092c12190}: static Lorg/jetbrains/kotlin/idea/gradleTooling/model/assignment/AssignmentModelImpl;.<clinit>()V> (0x0000000092c12190) 
thrown [s\src\hotspot\share\prims\jni.cpp, line 1108]
Event: 38.339 Thread 0x000001fffa105ba0 Exception <a 'java/lang/ClassNotFoundException'{0x0000000092bf6718}: java/util/TreeSetBeanInfo> (0x0000000092bf6718) 
thrown [s\src\hotspot\share\classfile\systemDictionary.cpp, line 256]
Event: 38.339 Thread 0x000001fffa105ba0 Exception <a 'java/lang/ClassNotFoundException'{0x0000000092bfb7c8}: java/util/TreeSetCustomizer> (0x0000000092bfb7c8) 
thrown [s\src\hotspot\share\classfile\systemDictionary.cpp, line 256]
Event: 38.778 Thread 0x000001fffa105ba0 Exception <a 'sun/nio/fs/WindowsException'{0x0000000091429070}> (0x0000000091429070) 
thrown [s\src\hotspot\share\prims\jni.cpp, line 517]
Event: 38.853 Thread 0x000001fffa105ba0 Exception <a 'sun/nio/fs/WindowsException'{0x0000000091170458}> (0x0000000091170458) 
thrown [s\src\hotspot\share\prims\jni.cpp, line 517]
Event: 38.853 Thread 0x000001fffa105ba0 Exception <a 'sun/nio/fs/WindowsException'{0x0000000091171aa8}> (0x0000000091171aa8) 
thrown [s\src\hotspot\share\prims\jni.cpp, line 517]
Event: 38.853 Thread 0x000001fffa105ba0 Exception <a 'sun/nio/fs/WindowsException'{0x0000000091173148}> (0x0000000091173148) 
thrown [s\src\hotspot\share\prims\jni.cpp, line 517]
Event: 38.853 Thread 0x000001fffa105ba0 Exception <a 'sun/nio/fs/WindowsException'{0x00000000911747e8}> (0x00000000911747e8) 
thrown [s\src\hotspot\share\prims\jni.cpp, line 517]
Event: 39.097 Thread 0x000001fffa105ba0 Exception <a 'java/lang/NullPointerException'{0x000000009057aea8}> (0x000000009057aea8) 
thrown [s\src\hotspot\share\interpreter\linkResolver.cpp, line 1447]
Event: 39.286 Thread 0x000001fffa105ba0 Implicit null exception at 0x000001ffe4546231 to 0x000001ffe4547768
Event: 40.282 Thread 0x000001fff330ddc0 Implicit null exception at 0x000001ffe49010fd to 0x000001ffe4901830
Event: 40.345 Thread 0x000001fffa105ba0 Implicit null exception at 0x000001ffe4a36a4e to 0x000001ffe4a371ac
Event: 40.629 Thread 0x000001fffa105ba0 Exception <a 'java/lang/NoSuchMethodError'{0x00000000931bb4c0}: 'void java.lang.invoke.DirectMethodHandle$Holder.invokeSpecial(java.lang.Object, java.lang.Object, java.lang.Object, java.lang.Object, int, java.lang.Object, java.lang.Object)'> (0x00000000931bb4c0) 
thrown [s\src\hotspot\share\interpreter\linkResolver.cpp, line 771]
Event: 44.040 Thread 0x000001fffc4fd610 Exception <a 'sun/nio/fs/WindowsException'{0x00000000921be0c0}> (0x00000000921be0c0) 
thrown [s\src\hotspot\share\prims\jni.cpp, line 517]
Event: 46.550 Thread 0x000001fffc4fef60 Exception <a 'sun/nio/fs/WindowsException'{0x000000008f57c258}> (0x000000008f57c258) 
thrown [s\src\hotspot\share\prims\jni.cpp, line 517]
Event: 46.629 Thread 0x000001fffa105ba0 Exception <a 'sun/nio/fs/WindowsException'{0x000000008f16c7d8}> (0x000000008f16c7d8) 
thrown [s\src\hotspot\share\prims\jni.cpp, line 517]
Event: 48.884 Thread 0x000001fffc4fd610 Exception <a 'sun/nio/fs/WindowsException'{0x0000000091889818}> (0x0000000091889818) 
thrown [s\src\hotspot\share\prims\jni.cpp, line 517]

VM Operations (20 events):
Event: 44.048 Executing VM operation: HandshakeAllThreads
Event: 44.048 Executing VM operation: HandshakeAllThreads done
Event: 44.050 Executing VM operation: HandshakeAllThreads
Event: 44.051 Executing VM operation: HandshakeAllThreads done
Event: 44.501 Executing VM operation: HandshakeAllThreads
Event: 44.501 Executing VM operation: HandshakeAllThreads done
Event: 44.501 Executing VM operation: HandshakeAllThreads
Event: 44.507 Executing VM operation: HandshakeAllThreads done
Event: 44.525 Executing VM operation: ICBufferFull
Event: 44.525 Executing VM operation: ICBufferFull done
Event: 45.537 Executing VM operation: Cleanup
Event: 45.537 Executing VM operation: Cleanup done
Event: 46.538 Executing VM operation: Cleanup
Event: 46.538 Executing VM operation: Cleanup done
Event: 46.713 Executing VM operation: G1CollectForAllocation
Event: 46.721 Executing VM operation: G1CollectForAllocation done
Event: 47.729 Executing VM operation: Cleanup
Event: 47.730 Executing VM operation: Cleanup done
Event: 48.733 Executing VM operation: Cleanup
Event: 48.733 Executing VM operation: Cleanup done

Events (20 events):
Event: 44.758 loading class com/sun/crypto/provider/GaloisCounterMode$GCMEncrypt done
Event: 44.758 loading class com/sun/crypto/provider/GaloisCounterMode$GCTRGHASH
Event: 44.759 loading class com/sun/crypto/provider/GaloisCounterMode$GCTRGHASH done
Event: 44.760 loading class javax/net/ssl/SSLEngineResult$HandshakeStatus
Event: 44.760 loading class javax/net/ssl/SSLEngineResult$HandshakeStatus done
Event: 44.760 loading class jdk/internal/event/TLSHandshakeEvent
Event: 44.760 loading class jdk/internal/event/TLSHandshakeEvent done
Event: 44.846 loading class sun/security/ssl/PostHandshakeContext
Event: 44.846 loading class sun/security/ssl/PostHandshakeContext done
Event: 44.846 loading class sun/security/ssl/NewSessionTicket$T13NewSessionTicketMessage
Event: 44.847 loading class sun/security/ssl/NewSessionTicket$NewSessionTicketMessage
Event: 44.847 loading class sun/security/ssl/NewSessionTicket$NewSessionTicketMessage done
Event: 44.847 loading class sun/security/ssl/NewSessionTicket$T13NewSessionTicketMessage done
Event: 44.861 loading class java/text/ParsePosition
Event: 44.861 loading class java/text/ParsePosition done
Event: 44.861 loading class java/text/CalendarBuilder
Event: 44.862 loading class java/text/CalendarBuilder done
Event: 45.265 Thread 0x000001fffd7ec9d0 Thread exited: 0x000001fffd7ec9d0
Event: 47.008 Thread 0x000001fffd7ef450 Thread added: 0x000001fffd7ef450
Event: 47.519 Thread 0x000001fffd7ef450 Thread exited: 0x000001fffd7ef450


Dynamic libraries:
0x00007ff709710000 - 0x00007ff70971a000 	C:\Program Files\Android\Android Studio\jbr\bin\java.exe
0x00007ffd233d0000 - 0x00007ffd235e7000 	C:\WINDOWS\SYSTEM32\ntdll.dll
0x00007ffd225b0000 - 0x00007ffd22674000 	C:\WINDOWS\System32\KERNEL32.DLL
0x00007ffd20d50000 - 0x00007ffd210f7000 	C:\WINDOWS\System32\KERNELBASE.dll
0x00007ffd207a0000 - 0x00007ffd208b1000 	C:\WINDOWS\System32\ucrtbase.dll
0x00007ffd100d0000 - 0x00007ffd100e7000 	C:\Program Files\Android\Android Studio\jbr\bin\jli.dll
0x00007ffd231e0000 - 0x00007ffd2338e000 	C:\WINDOWS\System32\USER32.dll
0x00007ffd20a20000 - 0x00007ffd20a46000 	C:\WINDOWS\System32\win32u.dll
0x00007ffd212d0000 - 0x00007ffd212f9000 	C:\WINDOWS\System32\GDI32.dll
0x00007ffd20c30000 - 0x00007ffd20d49000 	C:\WINDOWS\System32\gdi32full.dll
0x00007ffd20980000 - 0x00007ffd20a1a000 	C:\WINDOWS\System32\msvcp_win.dll
0x00007ffd09420000 - 0x00007ffd0943b000 	C:\Program Files\Android\Android Studio\jbr\bin\VCRUNTIME140.dll
0x00007ffd0da30000 - 0x00007ffd0dcc3000 	C:\WINDOWS\WinSxS\amd64_microsoft.windows.common-controls_6595b64144ccf1df_6.0.22621.3527_none_270e469b73872a76\COMCTL32.dll
0x00007ffd228a0000 - 0x00007ffd22947000 	C:\WINDOWS\System32\msvcrt.dll
0x00007ffd22570000 - 0x00007ffd225a1000 	C:\WINDOWS\System32\IMM32.DLL
0x00007ffd0b460000 - 0x00007ffd0b46c000 	C:\Program Files\Android\Android Studio\jbr\bin\vcruntime140_1.dll
0x00007ffce6770000 - 0x00007ffce67fd000 	C:\Program Files\Android\Android Studio\jbr\bin\msvcp140.dll
0x00007ffc7c730000 - 0x00007ffc7d3b3000 	C:\Program Files\Android\Android Studio\jbr\bin\server\jvm.dll
0x00007ffd224b0000 - 0x00007ffd22562000 	C:\WINDOWS\System32\ADVAPI32.dll
0x00007ffd21c70000 - 0x00007ffd21d18000 	C:\WINDOWS\System32\sechost.dll
0x00007ffd206f0000 - 0x00007ffd20718000 	C:\WINDOWS\System32\bcrypt.dll
0x00007ffd22310000 - 0x00007ffd22425000 	C:\WINDOWS\System32\RPCRT4.dll
0x00007ffd1ff00000 - 0x00007ffd1ff4d000 	C:\WINDOWS\SYSTEM32\POWRPROF.dll
0x00007ffd023d0000 - 0x00007ffd023d9000 	C:\WINDOWS\SYSTEM32\WSOCK32.dll
0x00007ffd22430000 - 0x00007ffd224a1000 	C:\WINDOWS\System32\WS2_32.dll
0x00007ffd11050000 - 0x00007ffd11084000 	C:\WINDOWS\SYSTEM32\WINMM.dll
0x00007ffd0f4a0000 - 0x00007ffd0f4aa000 	C:\WINDOWS\SYSTEM32\VERSION.dll
0x00007ffd1fee0000 - 0x00007ffd1fef3000 	C:\WINDOWS\SYSTEM32\UMPDC.dll
0x00007ffd1f6d0000 - 0x00007ffd1f6e8000 	C:\WINDOWS\SYSTEM32\kernel.appcore.dll
0x00007ffd1b460000 - 0x00007ffd1b46a000 	C:\Program Files\Android\Android Studio\jbr\bin\jimage.dll
0x00007ffd1dee0000 - 0x00007ffd1e112000 	C:\WINDOWS\SYSTEM32\DBGHELP.DLL
0x00007ffd22e30000 - 0x00007ffd231b8000 	C:\WINDOWS\System32\combase.dll
0x00007ffd22680000 - 0x00007ffd22757000 	C:\WINDOWS\System32\OLEAUT32.dll
0x00007ffd09c00000 - 0x00007ffd09c32000 	C:\WINDOWS\SYSTEM32\dbgcore.DLL
0x00007ffd20720000 - 0x00007ffd20799000 	C:\WINDOWS\System32\bcryptPrimitives.dll
0x00007ffd10150000 - 0x00007ffd1015e000 	C:\Program Files\Android\Android Studio\jbr\bin\instrument.dll
0x00007ffd1b410000 - 0x00007ffd1b435000 	C:\Program Files\Android\Android Studio\jbr\bin\java.dll
0x00007ffd1b3a0000 - 0x00007ffd1b3b8000 	C:\Program Files\Android\Android Studio\jbr\bin\zip.dll
0x00007ffd21310000 - 0x00007ffd21b6c000 	C:\WINDOWS\System32\SHELL32.dll
0x00007ffd1e5b0000 - 0x00007ffd1eea6000 	C:\WINDOWS\SYSTEM32\windows.storage.dll
0x00007ffd1e470000 - 0x00007ffd1e5ae000 	C:\WINDOWS\SYSTEM32\wintypes.dll
0x00007ffd21160000 - 0x00007ffd21255000 	C:\WINDOWS\System32\SHCORE.dll
0x00007ffd21c00000 - 0x00007ffd21c5e000 	C:\WINDOWS\System32\shlwapi.dll
0x00007ffd20620000 - 0x00007ffd20641000 	C:\WINDOWS\SYSTEM32\profapi.dll
0x00007ffd1b380000 - 0x00007ffd1b399000 	C:\Program Files\Android\Android Studio\jbr\bin\net.dll
0x00007ffd17b80000 - 0x00007ffd17cb6000 	C:\WINDOWS\SYSTEM32\WINHTTP.dll
0x00007ffd1fb30000 - 0x00007ffd1fb99000 	C:\WINDOWS\system32\mswsock.dll
0x00007ffd115b0000 - 0x00007ffd115c6000 	C:\Program Files\Android\Android Studio\jbr\bin\nio.dll
0x00007ffd1b450000 - 0x00007ffd1b460000 	C:\Program Files\Android\Android Studio\jbr\bin\verify.dll
0x00007ffcf5400000 - 0x00007ffcf5427000 	C:\Users\alniles07\.gradle\native\c067742578af261105cb4f569cf0c3c89f3d7b1fecec35dd04571415982c5e48\windows-amd64\native-platform.dll
0x00007ffcd8270000 - 0x00007ffcd83b4000 	C:\Users\alniles07\.gradle\native\38dada09dfb8b06ba9b0570ebf7e218e3eb74d4ef43ca46872605cf95ebc2f47\windows-amd64\native-platform-file-events.dll
0x00007ffd1b370000 - 0x00007ffd1b379000 	C:\Program Files\Android\Android Studio\jbr\bin\management.dll
0x00007ffd1b320000 - 0x00007ffd1b32b000 	C:\Program Files\Android\Android Studio\jbr\bin\management_ext.dll
0x00007ffd21300000 - 0x00007ffd21308000 	C:\WINDOWS\System32\PSAPI.DLL
0x00007ffd1ff70000 - 0x00007ffd1ff8b000 	C:\WINDOWS\SYSTEM32\CRYPTSP.dll
0x00007ffd1f630000 - 0x00007ffd1f665000 	C:\WINDOWS\system32\rsaenh.dll
0x00007ffd1fbd0000 - 0x00007ffd1fbf8000 	C:\WINDOWS\SYSTEM32\USERENV.dll
0x00007ffd1ff50000 - 0x00007ffd1ff5c000 	C:\WINDOWS\SYSTEM32\CRYPTBASE.dll
0x00007ffd1f110000 - 0x00007ffd1f13d000 	C:\WINDOWS\SYSTEM32\IPHLPAPI.DLL
0x00007ffd22950000 - 0x00007ffd22959000 	C:\WINDOWS\System32\NSI.dll
0x00007ffd17b60000 - 0x00007ffd17b79000 	C:\WINDOWS\SYSTEM32\dhcpcsvc6.DLL
0x00007ffd17b40000 - 0x00007ffd17b5f000 	C:\WINDOWS\SYSTEM32\dhcpcsvc.DLL
0x00007ffd1f140000 - 0x00007ffd1f238000 	C:\WINDOWS\SYSTEM32\DNSAPI.dll
0x00007ffd1b400000 - 0x00007ffd1b409000 	C:\Program Files\Android\Android Studio\jbr\bin\extnet.dll
0x00007ffd11a00000 - 0x00007ffd11a08000 	C:\WINDOWS\system32\wshunix.dll
0x00007ffcf06a0000 - 0x00007ffcf06b7000 	C:\WINDOWS\system32\napinsp.dll
0x00007ffcf06c0000 - 0x00007ffcf06db000 	C:\WINDOWS\system32\pnrpnsp.dll
0x00007ffcf06e0000 - 0x00007ffcf06f1000 	C:\WINDOWS\System32\winrnr.dll
0x00007ffd11fd0000 - 0x00007ffd11fe5000 	C:\WINDOWS\system32\wshbth.dll
0x00007ffcf0700000 - 0x00007ffcf0727000 	C:\WINDOWS\system32\nlansp_c.dll
0x00007ffd1a6d0000 - 0x00007ffd1a6da000 	C:\Windows\System32\rasadhlp.dll
0x00007ffd11b60000 - 0x00007ffd11be3000 	C:\WINDOWS\System32\fwpuclnt.dll

dbghelp: loaded successfully - version: 4.0.5 - missing functions: none
symbol engine: initialized successfully - sym options: 0x614 - pdb path: .;C:\Program Files\Android\Android Studio\jbr\bin;C:\WINDOWS\SYSTEM32;C:\WINDOWS\WinSxS\amd64_microsoft.windows.common-controls_6595b64144ccf1df_6.0.22621.3527_none_270e469b73872a76;C:\Program Files\Android\Android Studio\jbr\bin\server;C:\Users\alniles07\.gradle\native\c067742578af261105cb4f569cf0c3c89f3d7b1fecec35dd04571415982c5e48\windows-amd64;C:\Users\alniles07\.gradle\native\38dada09dfb8b06ba9b0570ebf7e218e3eb74d4ef43ca46872605cf95ebc2f47\windows-amd64

VM Arguments:
jvm_args: --add-opens=java.base/java.util=ALL-UNNAMED --add-opens=java.base/java.lang=ALL-UNNAMED --add-opens=java.base/java.lang.invoke=ALL-UNNAMED --add-opens=java.prefs/java.util.prefs=ALL-UNNAMED --add-opens=java.base/java.nio.charset=ALL-UNNAMED --add-opens=java.base/java.net=ALL-UNNAMED --add-opens=java.base/java.util.concurrent.atomic=ALL-UNNAMED -Xmx2048m -Dfile.encoding=UTF-8 -Duser.country=US -Duser.language=en -Duser.variant -javaagent:C:\Users\alniles07\.gradle\wrapper\dists\gradle-8.6-bin\afr5mpiioh2wthjmwnkmdsd5w\gradle-8.6\lib\agents\gradle-instrumentation-agent-8.6.jar 
java_command: org.gradle.launcher.daemon.bootstrap.GradleDaemon 8.6
java_class_path (initial): C:\Users\alniles07\.gradle\wrapper\dists\gradle-8.6-bin\afr5mpiioh2wthjmwnkmdsd5w\gradle-8.6\lib\gradle-launcher-8.6.jar
Launcher Type: SUN_STANDARD

[Global flags]
     intx CICompilerCount                          = 3                                         {product} {ergonomic}
     uint ConcGCThreads                            = 1                                         {product} {ergonomic}
     uint G1ConcRefinementThreads                  = 4                                         {product} {ergonomic}
   size_t G1HeapRegionSize                         = 1048576                                   {product} {ergonomic}
    uintx GCDrainStackTargetSize                   = 64                                        {product} {ergonomic}
   size_t InitialHeapSize                          = 333447168                                 {product} {ergonomic}
   size_t MarkStackSize                            = 4194304                                   {product} {ergonomic}
   size_t MaxHeapSize                              = 2147483648                                {product} {command line}
   size_t MaxNewSize                               = 1287651328                                {product} {ergonomic}
   size_t MinHeapDeltaBytes                        = 1048576                                   {product} {ergonomic}
   size_t MinHeapSize                              = 8388608                                   {product} {ergonomic}
    uintx NonNMethodCodeHeapSize                   = 5832780                                {pd product} {ergonomic}
    uintx NonProfiledCodeHeapSize                  = 122912730                              {pd product} {ergonomic}
    uintx ProfiledCodeHeapSize                     = 122912730                              {pd product} {ergonomic}
    uintx ReservedCodeCacheSize                    = 251658240                              {pd product} {ergonomic}
     bool SegmentedCodeCache                       = true                                      {product} {ergonomic}
   size_t SoftMaxHeapSize                          = 2147483648                             {manageable} {ergonomic}
     bool UseCompressedClassPointers               = true                           {product lp64_product} {ergonomic}
     bool UseCompressedOops                        = true                           {product lp64_product} {ergonomic}
     bool UseG1GC                                  = true                                      {product} {ergonomic}
     bool UseLargePagesIndividualAllocation        = false                                  {pd product} {ergonomic}

Logging:
Log output configuration:
 #0: stdout all=warning uptime,level,tags
 #1: stderr all=off uptime,level,tags

Environment Variables:
JAVA_HOME=C:\Program Files\Java\jdk-22
PATH=C:\Program Files\ImageMagick-7.1.1-Q16-HDRI;C:\Python312\Scripts\;C:\Python312\;C:\WINDOWS\system32;C:\WINDOWS;C:\WINDOWS\System32\Wbem;C:\WINDOWS\System32\WindowsPowerShell\v1.0\;C:\WINDOWS\System32\OpenSSH\;C:\Program Files\dotnet\;C:\ProgramData\chocolatey\bin;C:\Program Files\Tailscale\;C:\Strawberry\c\bin;C:\Strawberry\perl\site\bin;C:\Strawberry\perl\bin;C:\Program Files\GitHub CLI\;C:\Program Files\Wiimm\SZS;C:\Program Files\Microsoft Network Monitor 3\;C:\Program Files (x86)\Windows Live\Shared;C:\Program Files\Calibre2\;C:\Users\alniles07\AppData\Roaming\nvm;C:\Program Files\nodejs;C:\Program Files\PowerShell\7\;C:\Program Files\Java\jdk-22\bin;C:\Program Files\Git\cmd;C:\Users\alniles07\scoop\apps\python\current\Scripts;C:\Users\alniles07\scoop\apps\python\current;C:\Users\alniles07\scoop\shims;C:\Users\alniles07\.cargo\bin;C:\Users\alniles07\AppData\Local\Microsoft\WindowsApps;C:\Users\alniles07\.dotnet\tools;C:\Users\alniles07\AppData\Local\Programs\Microsoft VS Code\bin;C:\Users\alniles07\AppData\Roaming\npm;C:\Users\alniles07\AppData\Local\GitHubDesktop\bin;C:\Users\alniles07\AppData\Local\Microsoft\WinGet\Links;C:\Users\alniles07\AppData\Local\gitkraken\bin;C:\Users\alniles07\.dotnet\tools;C:\Users\alniles07\AppData\Local\Microsoft\WindowsApps
USERNAME=alniles07
OS=Windows_NT
PROCESSOR_IDENTIFIER=Intel64 Family 6 Model 140 Stepping 1, GenuineIntel
TMP=C:\Users\ALNILE~1\AppData\Local\Temp
TEMP=C:\Users\ALNILE~1\AppData\Local\Temp



Periodic native trim disabled

JNI global refs:
JNI global refs: 28, weak refs: 5

JNI global refs memory usage: 843, weak refs: 841

OOME stack traces (most recent first):
Classloader memory used:
Loader org.gradle.internal.classloader.VisitableURLClassLoader                         : 11884K
Loader org.gradle.internal.classloader.VisitableURLClassLoader$InstrumentingVisitableURLClassLoader: 3906K
Loader bootstrap                                                                       : 3630K
Loader org.gradle.initialization.MixInLegacyTypesClassLoader                           : 1667K
Loader org.gradle.internal.classloader.VisitableURLClassLoader                         : 832K
Loader jdk.internal.reflect.DelegatingClassLoader                                      : 105K
Loader jdk.internal.loader.ClassLoaders$PlatformClassLoader                            : 100628B
Loader jdk.internal.jrtfs.JrtFileSystemProvider$JrtFsLoader                            : 41665B
Loader jdk.internal.loader.ClassLoaders$AppClassLoader                                 : 28738B
Loader org.codehaus.groovy.runtime.callsite.CallSiteClassLoader                        : 11755B
Loader org.gradle.groovy.scripts.internal.DefaultScriptCompilationHandler$ScriptClassLoader: 10898B
Loader sun.reflect.misc.MethodUtil                                                     : 373B


[error occurred during error reporting (Classloader stats), id 0xe0000001, Out of Memory Error (s\src\hotspot\share\memory\arena.cpp:79)]


---------------  S Y S T E M  ---------------

OS:
 Windows 11 , 64 bit Build 22621 (10.0.22621.3527)
OS uptime: 0 days 19:24 hours
Hyper-V role detected

CPU: total 4 (initial active 4) (2 cores per cpu, 2 threads per core) family 6 model 140 stepping 1 microcode 0xb6, cx8, cmov, fxsr, ht, mmx, 3dnowpref, sse, sse2, sse3, ssse3, sse4.1, sse4.2, popcnt, lzcnt, tsc, tscinvbit, avx, avx2, aes, erms, clmul, bmi1, bmi2, adx, avx512f, avx512dq, avx512cd, avx512bw, avx512vl, sha, fma, vzeroupper, avx512_vpopcntdq, avx512_vpclmulqdq, avx512_vaes, avx512_vnni, clflush, clflushopt, clwb, avx512_vbmi2, avx512_vbmi, hv
Processor Information for all 4 processors :
  Max Mhz: 2995, Current Mhz: 2995, Mhz Limit: 2995

Memory: 4k page, system-wide physical 20279M (2970M free)
TotalPageFile size 20279M (AvailPageFile size 1M)
current process WorkingSet (physical memory assigned to process): 684M, peak: 694M
current process commit charge ("private bytes"): 710M, peak: 717M

vm_info: OpenJDK 64-Bit Server VM (17.0.10+0--11572160) for windows-amd64 JRE (17.0.10+0--11572160), built on Mar 13 2024 23:56:38 by "androidbuild" with MS VC++ 16.10 / 16.11 (VS2019)

END.
