#
# There is insufficient memory for the Java Runtime Environment to continue.
# Native memory allocation (mmap) failed to map 335544320 bytes for G1 virtual space
# Possible reasons:
#   The system is out of physical RAM or swap space
#   The process is running with CompressedOops enabled, and the Java Heap may be blocking the growth of the native heap
# Possible solutions:
#   Reduce memory load on the system
#   Increase physical memory or swap space
#   Check if swap backing store is full
#   Decrease Java heap size (-Xmx/-Xms)
#   Decrease number of Java threads
#   Decrease Java thread stack sizes (-Xss)
#   Set larger code cache with -XX:ReservedCodeCacheSize=
#   JVM is running with Zero Based Compressed Oops mode in which the Java heap is
#     placed in the first 32GB address space. The Java Heap base address is the
#     maximum limit for the native heap growth. Please use -XX:HeapBaseMinAddress
#     to set the Java Heap base and to place the Java Heap above 32GB virtual address.
# This output file may be truncated or incomplete.
#
#  Out of Memory Error (os_windows.cpp:3825), pid=7260, tid=20164
#
# JRE version:  (17.0.10) (build )
# Java VM: OpenJDK 64-Bit Server VM (17.0.10+0--11572160, mixed mode, sharing, tiered, compressed oops, compressed class ptrs, g1 gc, windows-amd64)
# No core dump will be written. Minidumps are not enabled by default on client versions of Windows
#

---------------  S U M M A R Y ------------

Command Line: org.jetbrains.kotlin.cli.jvm.K2JVMCompiler @C:\Users\alniles07\AndroidStudioProjects\GospelLibrary\app\build\20240602_14901953597051388836.compiler.options

Host: 11th Gen Intel(R) Core(TM) i3-1115G4 @ 3.00GHz, 4 cores, 19G,  Windows 11 , 64 bit Build 22621 (10.0.22621.3672)
Time: Sun Jun  2 17:08:08 2024 Mountain Daylight Time elapsed time: 0.046798 seconds (0d 0h 0m 0s)

---------------  T H R E A D  ---------------

Current thread (0x000001b7370eea90):  JavaThread "Unknown thread" [_thread_in_vm, id=20164, stack(0x000000a94bb00000,0x000000a94bc00000)]

Stack: [0x000000a94bb00000,0x000000a94bc00000]
Native frames: (J=compiled Java code, j=interpreted, Vv=VM code, C=native code)
V  [jvm.dll+0x688e89]
V  [jvm.dll+0x84247a]
V  [jvm.dll+0x8440be]
V  [jvm.dll+0x844723]
V  [jvm.dll+0x24be0f]
V  [jvm.dll+0x685c59]
V  [jvm.dll+0x67a50a]
V  [jvm.dll+0x30cbab]
V  [jvm.dll+0x314056]
V  [jvm.dll+0x363dce]
V  [jvm.dll+0x363fff]
V  [jvm.dll+0x2e2978]
V  [jvm.dll+0x2e38e4]
V  [jvm.dll+0x813011]
V  [jvm.dll+0x371c81]
V  [jvm.dll+0x7f1b66]
V  [jvm.dll+0x3f58df]
V  [jvm.dll+0x3f7511]
C  [jli.dll+0x528f]
C  [ucrtbase.dll+0x29333]
C  [KERNEL32.DLL+0x1257d]
C  [ntdll.dll+0x5aa48]


---------------  P R O C E S S  ---------------

Threads class SMR info:
_java_thread_list=0x00007ffb502eef58, length=0, elements={
}

Java Threads: ( => current thread )

Other Threads:
  0x000001b737163750 GCTaskThread "GC Thread#0" [stack: 0x000000a94bc00000,0x000000a94bd00000] [id=22432]
  0x000001b73716e430 ConcurrentGCThread "G1 Main Marker" [stack: 0x000000a94bd00000,0x000000a94be00000] [id=1576]
  0x000001b73716ed60 ConcurrentGCThread "G1 Conc#0" [stack: 0x000000a94be00000,0x000000a94bf00000] [id=2560]

[error occurred during error reporting (printing all threads), id 0xc0000005, EXCEPTION_ACCESS_VIOLATION (0xc0000005) at pc=0x00007ffb4faa3547]

VM state: not at safepoint (not fully initialized)

VM Mutex/Monitor currently owned by a thread:  ([mutex/lock_event])
[0x000001b7370ecb60] Heap_lock - owner thread: 0x000001b7370eea90

Heap address: 0x00000006c3000000, size: 5072 MB, Compressed Oops mode: Zero based, Oop shift amount: 3

CDS archive(s) mapped at: [0x0000000000000000-0x0000000000000000-0x0000000000000000), size 0, SharedBaseAddress: 0x0000000800000000, ArchiveRelocationMode: 1.
Narrow klass base: 0x0000000000000000, Narrow klass shift: 0, Narrow klass range: 0x0

GC Precious Log:
<Empty>

Heap:
 garbage-first heap   total 0K, used 0K [0x00000006c3000000, 0x0000000800000000)
  region size 4096K, 0 young (0K), 0 survivors (0K)
 Metaspace       used 0K, committed 0K, reserved 0K
  class space    used 0K, committed 0K, reserved 0K

Heap Regions: E=young(eden), S=young(survivor), O=old, HS=humongous(starts), HC=humongous(continues), CS=collection set, F=free, OA=open archive, CA=closed archive, TAMS=top-at-mark-start (previous, next)

Card table byte_map: [0x000001b749fb0000,0x000001b74a9a0000] _byte_map_base: 0x000001b746998000

Marking Bits (Prev, Next): (CMBitMap*) 0x000001b737163c80, (CMBitMap*) 0x000001b737163cc0
 Prev Bits: [0x000001b74b390000, 0x000001b7502d0000)
 Next Bits: [0x000001b7502d0000, 0x000001b755210000)

GC Heap History (0 events):
No events

Dll operation events (1 events):
Event: 0.031 Loaded shared library C:\Program Files\Android\Android Studio\jbr\bin\java.dll

Deoptimization events (0 events):
No events

Classes unloaded (0 events):
No events

Classes redefined (0 events):
No events

Internal exceptions (0 events):
No events

VM Operations (0 events):
No events

Events (0 events):
No events


Dynamic libraries:
0x00007ff6d3c40000 - 0x00007ff6d3c4a000 	C:\Program Files\Android\Android Studio\jbr\bin\java.exe
0x00007ffbdac50000 - 0x00007ffbdae67000 	C:\WINDOWS\SYSTEM32\ntdll.dll
0x00007ffbd97c0000 - 0x00007ffbd9884000 	C:\WINDOWS\System32\KERNEL32.DLL
0x00007ffbd7f80000 - 0x00007ffbd832c000 	C:\WINDOWS\System32\KERNELBASE.dll
0x00007ffbd8500000 - 0x00007ffbd8611000 	C:\WINDOWS\System32\ucrtbase.dll
0x00007ffba6600000 - 0x00007ffba6617000 	C:\Program Files\Android\Android Studio\jbr\bin\jli.dll
0x00007ffbc28f0000 - 0x00007ffbc290b000 	C:\Program Files\Android\Android Studio\jbr\bin\VCRUNTIME140.dll
0x00007ffbd94a0000 - 0x00007ffbd964e000 	C:\WINDOWS\System32\USER32.dll
0x00007ffbd84a0000 - 0x00007ffbd84c6000 	C:\WINDOWS\System32\win32u.dll
0x00007ffbd8c80000 - 0x00007ffbd8ca9000 	C:\WINDOWS\System32\GDI32.dll
0x00007ffbd8800000 - 0x00007ffbd8919000 	C:\WINDOWS\System32\gdi32full.dll
0x00007ffbd8620000 - 0x00007ffbd86ba000 	C:\WINDOWS\System32\msvcp_win.dll
0x00007ffbc5740000 - 0x00007ffbc59d3000 	C:\WINDOWS\WinSxS\amd64_microsoft.windows.common-controls_6595b64144ccf1df_6.0.22621.3672_none_2713b9d173822955\COMCTL32.dll
0x00007ffbd8990000 - 0x00007ffbd8a37000 	C:\WINDOWS\System32\msvcrt.dll
0x00007ffbd9780000 - 0x00007ffbd97b1000 	C:\WINDOWS\System32\IMM32.DLL
0x00007ffbc3200000 - 0x00007ffbc320c000 	C:\Program Files\Android\Android Studio\jbr\bin\vcruntime140_1.dll
0x00007ffbb06b0000 - 0x00007ffbb073d000 	C:\Program Files\Android\Android Studio\jbr\bin\msvcp140.dll
0x00007ffb4f7b0000 - 0x00007ffb50433000 	C:\Program Files\Android\Android Studio\jbr\bin\server\jvm.dll
0x00007ffbd9920000 - 0x00007ffbd99d2000 	C:\WINDOWS\System32\ADVAPI32.dll
0x00007ffbd8d00000 - 0x00007ffbd8da8000 	C:\WINDOWS\System32\sechost.dll
0x00007ffbd84d0000 - 0x00007ffbd84f8000 	C:\WINDOWS\System32\bcrypt.dll
0x00007ffbd9bb0000 - 0x00007ffbd9cc5000 	C:\WINDOWS\System32\RPCRT4.dll
0x00007ffbd77b0000 - 0x00007ffbd77fd000 	C:\WINDOWS\SYSTEM32\POWRPROF.dll
0x00007ffbb8ed0000 - 0x00007ffbb8ed9000 	C:\WINDOWS\SYSTEM32\WSOCK32.dll
0x00007ffbd9700000 - 0x00007ffbd9771000 	C:\WINDOWS\System32\WS2_32.dll
0x00007ffbcc560000 - 0x00007ffbcc594000 	C:\WINDOWS\SYSTEM32\WINMM.dll
0x00007ffbca700000 - 0x00007ffbca70a000 	C:\WINDOWS\SYSTEM32\VERSION.dll
0x00007ffbd7780000 - 0x00007ffbd7793000 	C:\WINDOWS\SYSTEM32\UMPDC.dll
0x00007ffbd6f70000 - 0x00007ffbd6f88000 	C:\WINDOWS\SYSTEM32\kernel.appcore.dll
0x00007ffbd4a00000 - 0x00007ffbd4a0a000 	C:\Program Files\Android\Android Studio\jbr\bin\jimage.dll
0x00007ffbd5750000 - 0x00007ffbd5982000 	C:\WINDOWS\SYSTEM32\DBGHELP.DLL
0x00007ffbd8fa0000 - 0x00007ffbd9328000 	C:\WINDOWS\System32\combase.dll
0x00007ffbd9cd0000 - 0x00007ffbd9da7000 	C:\WINDOWS\System32\OLEAUT32.dll
0x00007ffbc5290000 - 0x00007ffbc52c2000 	C:\WINDOWS\SYSTEM32\dbgcore.DLL
0x00007ffbd8780000 - 0x00007ffbd87fb000 	C:\WINDOWS\System32\bcryptPrimitives.dll
0x00007ffbd3020000 - 0x00007ffbd3045000 	C:\Program Files\Android\Android Studio\jbr\bin\java.dll

dbghelp: loaded successfully - version: 4.0.5 - missing functions: none
symbol engine: initialized successfully - sym options: 0x614 - pdb path: .;C:\Program Files\Android\Android Studio\jbr\bin;C:\WINDOWS\SYSTEM32;C:\WINDOWS\WinSxS\amd64_microsoft.windows.common-controls_6595b64144ccf1df_6.0.22621.3672_none_2713b9d173822955;C:\Program Files\Android\Android Studio\jbr\bin\server

VM Arguments:
java_command: org.jetbrains.kotlin.cli.jvm.K2JVMCompiler @C:\Users\alniles07\AndroidStudioProjects\GospelLibrary\app\build\20240602_14901953597051388836.compiler.options
java_class_path (initial): C:\Users\alniles07\.gradle\caches\modules-2\files-2.1\org.jetbrains.kotlin\kotlin-compiler-embeddable\1.9.0\2c8c3a7402becca891f12739b3e9fd2dc2adbd7a\kotlin-compiler-embeddable-1.9.0.jar;C:\Users\alniles07\.gradle\caches\modules-2\files-2.1\org.jetbrains.kotlin\kotlin-stdlib\1.9.0\8ee15ef0c67dc83d874f412d84378d7f0eb50b63\kotlin-stdlib-1.9.0.jar;C:\Users\alniles07\.gradle\caches\modules-2\files-2.1\org.jetbrains.kotlin\kotlin-script-runtime\1.9.0\4b3102cbbb7e1b58d9d1adf89563f00069ffa7d1\kotlin-script-runtime-1.9.0.jar;C:\Users\alniles07\.gradle\caches\modules-2\files-2.1\org.jetbrains.kotlin\kotlin-reflect\1.6.10\1cbe9c92c12a94eea200d23c2bbaedaf3daf5132\kotlin-reflect-1.6.10.jar;C:\Users\alniles07\.gradle\caches\modules-2\files-2.1\org.jetbrains.kotlin\kotlin-daemon-embeddable\1.9.0\186543f5e28cf8d9a0290fecc2cf34301c40a65c\kotlin-daemon-embeddable-1.9.0.jar;C:\Users\alniles07\.gradle\caches\modules-2\files-2.1\org.jetbrains.intellij.deps\trove4j\1.0.20200330\3afb14d5f9ceb459d724e907a21145e8ff394f02\trove4j-1.0.20200330.jar;C:\Users\alniles07\.gradle\caches\modules-2\files-2.1\org.jetbrains.kotlin\kotlin-stdlib-common\1.9.0\cd65c21cfd1eec4d44ef09f9f52b6d9f8a720636\kotlin-stdlib-common-1.9.0.jar;C:\Users\alniles07\.gradle\caches\modules-2\files-2.1\org.jetbrains\annotations\13.0\919f0dfe192fb4e063e7dacadee7f8bb9a2672a9\annotations-13.0.jar
Launcher Type: SUN_STANDARD

[Global flags]
     intx CICompilerCount                          = 3                                         {product} {ergonomic}
     uint ConcGCThreads                            = 1                                         {product} {ergonomic}
     uint G1ConcRefinementThreads                  = 4                                         {product} {ergonomic}
   size_t G1HeapRegionSize                         = 4194304                                   {product} {ergonomic}
    uintx GCDrainStackTargetSize                   = 64                                        {product} {ergonomic}
   size_t InitialHeapSize                          = 335544320                                 {product} {ergonomic}
   size_t MarkStackSize                            = 4194304                                   {product} {ergonomic}
   size_t MaxHeapSize                              = 5318377472                                {product} {ergonomic}
   size_t MinHeapDeltaBytes                        = 4194304                                   {product} {ergonomic}
   size_t MinHeapSize                              = 8388608                                   {product} {ergonomic}
    uintx NonNMethodCodeHeapSize                   = 5832780                                {pd product} {ergonomic}
    uintx NonProfiledCodeHeapSize                  = 122912730                              {pd product} {ergonomic}
    uintx ProfiledCodeHeapSize                     = 122912730                              {pd product} {ergonomic}
    uintx ReservedCodeCacheSize                    = 251658240                              {pd product} {ergonomic}
     bool SegmentedCodeCache                       = true                                      {product} {ergonomic}
   size_t SoftMaxHeapSize                          = 5318377472                             {manageable} {ergonomic}
     bool UseCompressedClassPointers               = true                           {product lp64_product} {ergonomic}
     bool UseCompressedOops                        = true                           {product lp64_product} {ergonomic}
     bool UseG1GC                                  = true                                      {product} {ergonomic}
     bool UseLargePagesIndividualAllocation        = false                                  {pd product} {ergonomic}

Logging:
Log output configuration:
 #0: stdout all=warning uptime,level,tags
 #1: stderr all=off uptime,level,tags

Environment Variables:
JAVA_HOME=C:\Program Files\Java\jdk-22
PATH=C:\Program Files\ImageMagick-7.1.1-Q16-HDRI;C:\Python312\Scripts\;C:\Python312\;C:\WINDOWS\system32;C:\WINDOWS;C:\WINDOWS\System32\Wbem;C:\WINDOWS\System32\WindowsPowerShell\v1.0\;C:\WINDOWS\System32\OpenSSH\;C:\Program Files\dotnet\;C:\ProgramData\chocolatey\bin;C:\Program Files\Tailscale\;C:\Strawberry\c\bin;C:\Strawberry\perl\site\bin;C:\Strawberry\perl\bin;C:\Program Files\GitHub CLI\;C:\Program Files\Wiimm\SZS;C:\Program Files\Microsoft Network Monitor 3\;C:\Program Files (x86)\Windows Live\Shared;C:\Program Files\Calibre2\;C:\Users\alniles07\AppData\Roaming\nvm;C:\Program Files\nodejs;C:\Program Files\PowerShell\7\;C:\Program Files\Java\jdk-22\bin;C:\Program Files\Git\cmd;C:\Users\alniles07\scoop\apps\python\current\Scripts;C:\Users\alniles07\scoop\apps\python\current;C:\Users\alniles07\scoop\shims;C:\Users\alniles07\.cargo\bin;C:\Users\alniles07\AppData\Local\Microsoft\WindowsApps;C:\Users\alniles07\.dotnet\tools;C:\Users\alniles07\AppData\Local\Programs\Microsoft VS Code\bin;C:\Users\alniles07\AppData\Roaming\npm;C:\Users\alniles07\AppData\Local\GitHubDesktop\bin;C:\Users\alniles07\AppData\Local\Microsoft\WinGet\Links;C:\Strawberry\perl\bin;C:\Users\alniles07\AppData\Local\gitkraken\bin;C:\Program Files\Wiimm\SZS;C:\Users\alniles07\.dotnet\tools;C:\Users\alniles07\AppData\Roaming\nvm;C:\Program Files\nodejs;C:\Users\alniles07\AppData\Local\Microsoft\WindowsApps;C:\Program Files\Java\jdk-22\bin;
USERNAME=alniles07
OS=Windows_NT
PROCESSOR_IDENTIFIER=Intel64 Family 6 Model 140 Stepping 1, GenuineIntel
TMP=C:\Users\ALNILE~1\AppData\Local\Temp
TEMP=C:\Users\ALNILE~1\AppData\Local\Temp



Periodic native trim disabled

JNI global refs:
JNI global refs: 0, weak refs: 0

JNI global refs memory usage: 0, weak refs: 0

OOME stack traces (most recent first):
Classloader memory used:


---------------  S Y S T E M  ---------------

OS:
 Windows 11 , 64 bit Build 22621 (10.0.22621.3672)
OS uptime: 0 days 22:24 hours
Hyper-V role detected

CPU: total 4 (initial active 4) (2 cores per cpu, 2 threads per core) family 6 model 140 stepping 1 microcode 0xb6, cx8, cmov, fxsr, ht, mmx, 3dnowpref, sse, sse2, sse3, ssse3, sse4.1, sse4.2, popcnt, lzcnt, tsc, tscinvbit, avx, avx2, aes, erms, clmul, bmi1, bmi2, adx, avx512f, avx512dq, avx512cd, avx512bw, avx512vl, sha, fma, vzeroupper, avx512_vpopcntdq, avx512_vpclmulqdq, avx512_vaes, avx512_vnni, clflush, clflushopt, clwb, avx512_vbmi2, avx512_vbmi, hv
Processor Information for all 4 processors :
  Max Mhz: 2995, Current Mhz: 2995, Mhz Limit: 2995

Memory: 4k page, system-wide physical 20279M (2325M free)
TotalPageFile size 20279M (AvailPageFile size 111M)
current process WorkingSet (physical memory assigned to process): 11M, peak: 11M
current process commit charge ("private bytes"): 52M, peak: 371M

vm_info: OpenJDK 64-Bit Server VM (17.0.10+0--11572160) for windows-amd64 JRE (17.0.10+0--11572160), built on Mar 13 2024 23:56:38 by "androidbuild" with MS VC++ 16.10 / 16.11 (VS2019)

END.
